1 : Rite Aid Pharmacy : 1590 Butte House Road, Yuba City, CA 95993, United States : ('39.1473790', '-121.6431500') : +1 530-755-3846 : https://www.riteaid.com/store-details?storeNumber=6342 :  : 95993 : 
2 : Rite Aid Pharmacy : 5075 Olivehurst Ave, Olivehurst, CA 95961, United States : ('39.1009120', '-121.5503610') : +1 530-634-9970 : https://www.riteaid.com/store-details?storeNumber=6557 :  : 95961 : 4023
3 : Rite Aid Pharmacy : 2700 Oro Dam Blvd E, Oroville, CA 95966, United States : ('39.5075200', '-121.5458930') : +1 530-533-8083 : https://www.riteaid.com/store-details?storeNumber=6091 :  : 95966 : 5117
4 : Rite Aid Pharmacy : 720 Sutton Way, Grass Valley, CA 95945, United States : ('39.2341050', '-121.0354830') : +1 530-273-7399 : https://www.riteaid.com/store-details?storeNumber=6089 :  : 95945 : 
5 : Rite Aid Pharmacy : 1583, Gridley, CA 95948, United States : ('39.3627860', '-121.6884890') : +1 530-846-3334 : https://www.riteaid.com/store-details?storeNumber=6090 :  : 95948 : 
6 : Butte House Rd. and Stabler Ln. (Rite-Aid) : United States : ('39.1478160', '-121.6434710') :  : http://www.yubasuttertransit.com/ :  :  : 
7 : Rite Aid Pharmacy : 11230 Donner Pass Rd, Truckee, CA 96161, United States : ('39.3271000', '-120.2050180') : +1 530-587-5296 : https://www.riteaid.com/store-details?storeNumber=6108 :  : 96161 : 4808
8 : Rite Aid : 1980 N Carson St, Carson City, NV 89701, United States : ('39.1785390', '-119.7674690') : +1 775-882-2299 : https://www.riteaid.com/ :  : 89701 : 1217
9 : Rite Aid Pharmacy : 8245 N Lake Blvd, Kings Beach, CA 96143, United States : ('39.2378690', '-120.0276600') : +1 530-546-2523 : https://www.riteaid.com/store-details?storeNumber=6106 :  : 96143 : 1175
10 : Rite Aid Pharmacy : 2111 Golden Centre Ln, Rancho Cordova, CA 95670, United States : ('38.6264450', '-121.2633600') : +1 916-858-1948 : https://www.riteaid.com/store-details?storeNumber=6059 :  : 95670 : 4477
11 : Rite Aid Pharmacy : 1309 Fulton Ave, Sacramento, CA 95825, United States : ('38.5892300', '-121.4021290') : +1 916-483-3486 : https://www.riteaid.com/store-details?storeNumber=6080 :  : 95825 : 3603
12 : Rite Aid Pharmacy : 1125 Alhambra Blvd, Sacramento, CA 95816, United States : ('38.5705870', '-121.4652400') : +1 916-452-1334 : https://www.riteaid.com/store-details?storeNumber=6071 :  : 95816 : 
13 : Rite Aid Pharmacy : 2419 Del Paso Blvd, Sacramento, CA 95815, United States : ('38.6120350', '-121.4491170') : +1 916-922-5433 : https://www.riteaid.com/store-details?storeNumber=6070 :  : 95815 : 2508
14 : Rite Aid Pharmacy : 1730 Watt Ave, Sacramento, CA 95825, United States : ('38.5967280', '-121.3812010') : +1 916-483-9268 : https://www.riteaid.com/store-details?storeNumber=6079 :  : 95825 : 2140
15 : Rite Aid Pharmacy : 4010 Manzanita Ave, Carmichael, CA 95608, United States : ('38.6373610', '-121.3263270') : +1 916-482-4930 : https://www.riteaid.com/store-details?storeNumber=6044 :  : 95608 : 1724
16 : Rite Aid Pharmacy : 6639 Watt Ave, North Highlands, CA 95660, United States : ('38.6886890', '-121.3844440') : +1 916-332-2060 : https://www.riteaid.com/store-details?storeNumber=6054 :  : 95660 : 3607
17 : Rite Aid Pharmacy : 4830 J St, Sacramento, CA 95819, United States : ('38.5665110', '-121.4432950') : +1 916-451-2187 : https://www.riteaid.com/store-details?storeNumber=6520 :  : 95819 : 3742
18 : Rite Aid Pharmacy : 5610 Stockton Blvd, Sacramento, CA 95824, United States : ('38.5243670', '-121.4430670') : +1 916-737-0260 : https://www.riteaid.com/store-details?storeNumber=6074 :  : 95824 : 1612
19 : Rite Aid Pharmacy : 6661 Auburn Blvd, Citrus Heights, CA 95621, United States : ('38.6877710', '-121.3094160') : +1 916-726-1415 : https://www.riteaid.com/store-details?storeNumber=6049 :  : 95621 : 4925
20 : Rite Aid Pharmacy : 831 K St, Sacramento, CA 95814, United States : ('38.5799530', '-121.4954680') : +1 916-444-0690 : https://www.riteaid.com/store-details?storeNumber=6069 :  : 95814 : 3509
21 : Rite Aid Pharmacy : 2801 K Street Ste 100, Sacramento, CA 95816, United States : ('38.5729570', '-121.4692170') : +1 916-441-5252 : https://www.riteaid.com/store-details?storeNumber=6072 :  : 95816 : 
22 : Rite Aid Pharmacy : 2101 S St, Sacramento, CA 95816, United States : ('38.5665460', '-121.4824820') : +1 916-731-4470 : https://www.riteaid.com/store-details?storeNumber=6457 :  : 95816 : 
23 : Rite Aid Pharmacy : 1260 W Capitol Ave, West Sacramento, CA 95691, United States : ('38.5815520', '-121.5247380') : +1 916-371-4890 : https://www.riteaid.com/store-details?storeNumber=6065 :  : 95691 : 2719
24 : Rite Aid Pharmacy : 2211 F St, Sacramento, CA 95816, United States : ('38.5805850', '-121.4748140') : +1 916-930-0244 : https://www.riteaid.com/store-details?storeNumber=6505 :  : 95816 : 3516
25 : Rite Aid Pharmacy : 7900 Florin Rd Suite 5, Sacramento, CA 95828, United States : ('38.4950630', '-121.4100160') : +1 916-428-4489 : https://www.riteaid.com/store-details?storeNumber=6082 :  : 95828 : 
26 : Rite Aid Pharmacy : 4020 Florin Rd, Sacramento, CA 95823, United States : ('38.4935300', '-121.4597860') : +1 916-421-6486 : https://www.riteaid.com/store-details?storeNumber=6077 :  : 95823 : 1880
27 : Rite Aid Pharmacy : 4241 Marconi Ave, Sacramento, CA 95821, United States : ('38.6180040', '-121.3652730') : +1 916-483-8479 : https://www.riteaid.com/store-details?storeNumber=6403 :  : 95821 : 4215
28 : Rite Aid Pharmacy : 4004 Foothills Blvd, Roseville, CA 95747, United States : ('38.7522790', '-121.3113430') : +1 916-786-8671 : https://www.riteaid.com/store-details?storeNumber=6062 :  : 95747 : 7233
29 : Rite Aid Pharmacy : 446 Roseville Square, Roseville, CA 95678, United States : ('38.7443180', '-121.2762020') : +1 916-784-1590 : https://www.riteaid.com/store-details?storeNumber=6560 :  : 95678 : 2808
30 : Rite Aid Pharmacy : 7860 Gerber Road, Sacramento, CA 95828, United States : ('38.4807000', '-121.4120000') : +1 916-689-8578 : https://www.riteaid.com/store-details?storeNumber=6083 :  : 95828 : 
31 : Rite Aid Pharmacy : 4300 Elverta Rd, Antelope, CA 95843, United States : ('38.7127870', '-121.3634230') : +1 916-729-6763 : https://www.riteaid.com/store-details?storeNumber=6086 :  : 95843 : 
32 : Rite Aid Pharmacy : 526 E Bidwell St, Folsom, CA 95630, United States : ('38.6734820', '-121.1640060') : +1 916-984-7749 : https://www.riteaid.com/store-details?storeNumber=6266 :  : 95630 : 3119
33 : Rite Aid Pharmacy : 2214 El Camino Ave, Sacramento, CA 95821, United States : ('38.6098400', '-121.4143410') : +1 916-922-8752 : https://www.riteaid.com/store-details?storeNumber=6075 :  : 95821 : 4602
34 : Rite Aid Pharmacy : 4980 Freeport Blvd, Sacramento, CA 95822, United States : ('38.5294290', '-121.4965890') : +1 916-457-6247 : https://www.riteaid.com/store-details?storeNumber=6076 :  : 95822 : 2153
35 : Rite Aid Pharmacy : 7900 Arcadia Dr, Citrus Heights, CA 95610, United States : ('38.6807380', '-121.2706570') : +1 916-723-3379 : https://www.riteaid.com/store-details?storeNumber=6046 :  : 95610 : 
36 : Rite Aid Pharmacy : 4221 Norwood Ave, Sacramento, CA 95838, United States : ('38.6443850', '-121.4573930') : +1 916-614-9502 : https://www.riteaid.com/store-details?storeNumber=6228 :  : 95838 : 2686
37 : Rite Aid Pharmacy : 980 Florin Rd, Sacramento, CA 95831, United States : ('38.4935940', '-121.5228880') : +1 916-422-7202 : https://www.riteaid.com/store-details?storeNumber=6084 :  : 95831 : 3515
38 : Rite Aid : 421 Vineyard Town Ctr, Morgan Hill, CA 95037, United States : ('38.4627790', '-121.3856380') : +1 408-776-0554 : https://www.riteaid.com/ :  : 95037 : 5631
39 : Rite Aid Pharmacy : 655 Russell Blvd, Davis, CA 95616, United States : ('38.5467370', '-121.7582380') : +1 530-756-3393 : https://www.riteaid.com/store-details?storeNumber=6048 :  : 95616 : 3546
40 : Rite Aid Pharmacy : 5712 Folsom Blvd, Sacramento, CA 95819, United States : ('38.5572860', '-121.4373040') : +1 916-455-6814 : https://www.riteaid.com/store-details?storeNumber=6073 :  : 95819 : 4608
41 : Rite Aid Pharmacy : 2135 Cowell Blvd, Davis, CA 95618, United States : ('38.5417020', '-121.7252840') : +1 530-753-9810 : https://www.riteaid.com/store-details?storeNumber=6197 :  : 95618 : 
42 : Rite Aid Pharmacy : 5409 Sunrise Blvd, Citrus Heights, CA 95610, United States : ('38.6651730', '-121.2742220') : +1 916-961-2064 : https://www.riteaid.com/store-details?storeNumber=6045 :  : 95610 : 7806
43 : Rite Aid Pharmacy : 900 Sunrise Ave, Roseville, CA 95661, United States : ('38.7314000', '-121.2730000') : +1 916-782-6242 : https://www.riteaid.com/store-details?storeNumber=4062 :  : 95661 : 4507
44 : Rite Aid Pharmacy : 8368 Elk Grove Florin Rd, Sacramento, CA 95829, United States : ('38.4536390', '-121.3722620') : +1 916-681-3558 : https://www.riteaid.com/store-details?storeNumber=6264 :  : 95829 : 9228
45 : Rite Aid Pharmacy : 10570 Twin Cities Rd, Galt, CA 95632, United States : ('38.2906430', '-121.2986170') : +1 209-744-1380 : https://www.riteaid.com/store-details?storeNumber=6547 :  : 95632 : 8874
46 : Rite Aid Pharmacy : 7211 Elk Grove Blvd, Elk Grove, CA 95758, United States : ('38.4094340', '-121.4181320') : +1 916-478-2970 : https://www.riteaid.com/store-details?storeNumber=6432 :  : 95758 : 5500
47 : Rite Aid Pharmacy : 990 Pleasant Grove Blvd, Roseville, CA 95678, United States : ('38.7796500', '-121.2881460') : +1 916-782-2120 : https://www.riteaid.com/store-details?storeNumber=6458 :  : 95678 : 6126
48 : Rite Aid Pharmacy : 9133 Kiefer Boulevard, Sacramento, CA 95826, United States : ('38.5485290', '-121.3606510') : +1 916-366-1377 : https://www.riteaid.com/store-details?storeNumber=6081 :  : 95826 : 
49 : Rite Aid Pharmacy : 420 Grass Valley Highway, Auburn, CA 95603, United States : ('38.9051580', '-121.0753950') : +1 530-885-9381 : https://www.riteaid.com/store-details?storeNumber=6042 :  : 95603 : 
50 : Rite Aid Pharmacy : 295 W Main St, Woodland, CA 95695, United States : ('38.6770830', '-121.7973340') : +1 530-662-1795 : https://www.riteaid.com/store-details?storeNumber=6066 :  : 95695 : 3691
51 : Rite Aid Pharmacy : 2751 Del Paso Rd, Sacramento, CA 95835, United States : ('38.6568980', '-121.5239470') : +1 916-285-9372 : https://www.riteaid.com/store-details?storeNumber=6448 :  : 95835 : 2303
52 : Rite Aid Pharmacy : 9260 Elk Grove Blvd, Elk Grove, CA 95624, United States : ('38.4085240', '-121.3535890') : +1 916-686-1020 : https://www.riteaid.com/store-details?storeNumber=6494 :  : 95624 : 2103
53 : Rite Aid Pharmacy : 3101 Green Valley Rd, Cameron Park, CA 95682, United States : ('38.6993820', '-120.9963580') : +1 530-672-8908 : https://www.riteaid.com/store-details?storeNumber=6526 :  : 95682 : 7647
54 : Rite Aid Customer Support Center : 1755 E Beamer St, Woodland, CA 95776, United States : ('38.6879770', '-121.7409780') : +1 530-661-1800 : https://www.riteaid.com/ :  : 95776 : 6204
55 : Cardtronics ATM : 7900 Florin Rd, Sacramento, CA 95828, United States : ('38.4951620', '-121.4099990') : +1 800-786-9666 : http://www.cardtronics.com/ :  : 95828 : 
56 : Rite Aid Pharmacy : 2805 Bell Rd, Auburn, CA 95603, United States : ('38.9402420', '-121.0950060') : +1 530-823-8125 : https://www.riteaid.com/store-details?storeNumber=6043 :  : 95603 : 
57 : Just Rite Sport Fishing : Citrus Heights, CA, United States : ('38.7113710', '-121.3177430') : +1 916-835-0814 : http://justritesportfishing.com/ :  :  : 
58 : Rite Aid Pharmacy : 31 Fair Ln, Placerville, CA 95667, United States : ('38.7228000', '-120.8330000') : +1 530-626-0801 : https://www.riteaid.com/store-details?storeNumber=6058 :  : 95667 : 3922
59 : Rite Aid : 359 Main St, Placerville, CA 95667, United States : ('38.7286790', '-120.8018500') : +1 530-296-4022 : https://www.riteaid.com/ :  : 95667 : 5605
60 : Rite Aid Pharmacy : 3101 Green Valley Rd, Cameron Park, CA 95682, United States : ('38.6993820', '-120.9963580') : +1 530-672-8908 : https://www.riteaid.com/store-details?storeNumber=6526 :  : 95682 : 7647
61 : Rite Aid Pharmacy : 1220 Broadway, Placerville, CA 95667, United States : ('38.7303180', '-120.7872330') : +1 530-626-5501 : https://www.riteaid.com/store-details?storeNumber=6057 :  : 95667 : 5806
62 : Rite Aid Pharmacy : 1020 Al Tahoe Blvd, South Lake Tahoe, CA 96150, United States : ('38.9332360', '-119.9765520') : +1 530-541-2530 : https://www.riteaid.com/store-details?storeNumber=6107 :  : 96150 : 4501
63 : Rite Aid Pharmacy : 1329 Us Hwy.395 North,#1, Gardnerville, NV 89410, United States : ('38.9357480', '-119.7366510') : +1 775-782-7042 : https://www.riteaid.com/store-details?storeNumber=6121 :  : 89410 : 
64 : Rite Aid Pharmacy : 1050 N Wilson Way, Stockton, CA 95205, United States : ('37.9670890', '-121.2740760') : +1 209-948-0950 : https://www.riteaid.com/store-details?storeNumber=5996 :  : 95205 : 4218
65 : Rite Aid Pharmacy : 6455 Pacific Ave, Stockton, CA 95207, United States : ('38.0083750', '-121.3214120') : +1 209-478-5062 : https://www.riteaid.com/store-details?storeNumber=5998 :  : 95207 : 3715
66 : Rite Aid Pharmacy : 4774 West Ln, Stockton, CA 95210, United States : ('37.9974040', '-121.2879850') : +1 209-473-9170 : https://www.riteaid.com/store-details?storeNumber=6510 :  : 95210 : 3552
67 : Rite Aid Pharmacy : 520 W Lodi Ave, Lodi, CA 95240, United States : ('38.1290900', '-121.2801950') : +1 209-368-5363 : https://www.riteaid.com/store-details?storeNumber=6000 :  : 95240 : 3497
68 : Rite Aid Pharmacy : 1245 W Yosemite Ave, Manteca, CA 95337, United States : ('37.7985160', '-121.2357370') : +1 209-823-1949 : https://www.riteaid.com/store-details?storeNumber=6005 :  : 95337 : 5125
69 : Rite Aid Pharmacy : 1970 W Grant Line Rd, Tracy, CA 95376, United States : ('37.7529230', '-121.4523570') : +1 209-830-7388 : https://www.riteaid.com/store-details?storeNumber=6291 :  : 95376 : 8812
70 : Rite Aid Pharmacy : 3900 Pelandale Ave, Modesto, CA 95356, United States : ('37.6982190', '-121.0679300') : +1 209-545-0766 : https://www.riteaid.com/store-details?storeNumber=6012 :  : 95356 : 9026
71 : Rite Aid Pharmacy : 599 Valpico Rd, Tracy, CA 95376, United States : ('37.7111650', '-121.4171180') : +1 209-830-0976 : https://www.riteaid.com/store-details?storeNumber=6490 :  : 95376 : 9100
72 : Rite Aid Pharmacy : 1707 McHenry Ave, Modesto, CA 95350, United States : ('37.6698770', '-120.9948000') : +1 209-526-4773 : https://www.riteaid.com/store-details?storeNumber=6008 :  : 95350 : 4306
73 : Rite Aid Pharmacy : 2555 Main St, Oakley, CA 94561, United States : ('37.9965020', '-121.7305770') : +1 925-625-7440 : https://www.riteaid.com/store-details?storeNumber=5931 :  : 94561 : 1853
74 : Rite Aid Pharmacy : 2135 Jackson Ave, Escalon, CA 95320, United States : ('37.7939090', '-120.9859240') : +1 209-838-3524 : https://www.riteaid.com/store-details?storeNumber=6434 :  : 95320 : 2051
75 : Rite Aid Pharmacy : 20 E 18th St, Antioch, CA 94509, United States : ('38.0053250', '-121.8048830') : +1 925-757-7161 : https://www.riteaid.com/store-details?storeNumber=5908 :  : 94509 : 2400
76 : Rite Aid Pharmacy : 4100 Lone Tree Way, Antioch, CA 94531, United States : ('37.9706440', '-121.7957550') : +1 925-522-0150 : https://www.riteaid.com/store-details?storeNumber=6356 :  : 94531 : 6201
77 : Rite Aid Pharmacy : 1032 Oakdale Rd, Modesto, CA 95355, United States : ('37.6577450', '-120.9567680') : +1 209-577-6060 : https://www.riteaid.com/store-details?storeNumber=6010 :  : 95355 : 4513
78 : Rite Aid Pharmacy : 1350 N Vasco Rd, Livermore, CA 94551, United States : ('37.7175920', '-121.7259140') : +1 925-243-1702 : https://www.riteaid.com/store-details?storeNumber=6456 :  : 94551 : 9212
79 : Rite Aid Pharmacy : 1830 Mitchell Rd, Ceres, CA 95307, United States : ('37.6027350', '-120.9381660') : +1 209-538-4927 : https://www.riteaid.com/store-details?storeNumber=6003 :  : 95307 : 2824
80 : Rite Aid Pharmacy : 3353 Deer Valley Rd, Antioch, CA 94531, United States : ('37.9884350', '-121.7839300') : +1 925-757-3390 : https://www.riteaid.com/store-details?storeNumber=5909 :  : 94531 : 6664
81 : Rite Aid Pharmacy : 900 N Main St, Manteca, CA 95336, United States : ('37.8105160', '-121.2154200') : +1 209-239-4175 : https://www.riteaid.com/store-details?storeNumber=6004 :  : 95336 : 3798
82 : Rite Aid Pharmacy : 968 Murrieta Blvd, Livermore, CA 94550, United States : ('37.6766550', '-121.7848450') : +1 925-373-0455 : https://www.riteaid.com/store-details?storeNumber=5925 :  : 94550 : 4063
83 : Rite Aid Pharmacy @ Jackson Ave. : United States : ('37.7940210', '-120.9857480') :  : http://cityofescalon.org/departments/transit-services/ :  :  : 
84 : Rite Aid Pharmacy : 1449 E F St #102, Oakdale, CA 95361, United States : ('37.7712940', '-120.8325240') : +1 209-847-4279 : https://www.riteaid.com/store-details?storeNumber=6015 :  : 95361 : 
85 : Rite Aid Pharmacy : 1300 W F St, Oakdale, CA 95361, United States : ('37.7606940', '-120.8625520') : +1 209-847-1324 : https://www.riteaid.com/store-details?storeNumber=6014 :  : 95361 : 3501
86 : Rite Aid Pharmacy : 230 S Main St, Angels Camp, CA 95222, United States : ('38.0792820', '-120.5562890') : +1 209-736-4623 : https://www.riteaid.com/store-details?storeNumber=5999 :  : 95222 : 0850
87 : Rite Aid Pharmacy : 2135 Jackson Ave, Escalon, CA 95320, United States : ('37.7939090', '-120.9859240') : +1 209-838-3524 : https://www.riteaid.com/store-details?storeNumber=6434 :  : 95320 : 2051
88 : Rite Aid Pharmacy : 855 Mono Way, Sonora, CA 95370, United States : ('37.9748080', '-120.3678730') : +1 209-588-0561 : https://www.riteaid.com/store-details?storeNumber=6016 :  : 95370 : 5202
89 : Rite Aid Pharmacy : 1032 Oakdale Rd, Modesto, CA 95355, United States : ('37.6577450', '-120.9567680') : +1 209-577-6060 : https://www.riteaid.com/store-details?storeNumber=6010 :  : 95355 : 4513
90 : Rite Aid Pharmacy : 1830 Mitchell Rd, Ceres, CA 95307, United States : ('37.6027350', '-120.9381660') : +1 209-538-4927 : https://www.riteaid.com/store-details?storeNumber=6003 :  : 95307 : 2824
91 : Rite Aid Pharmacy @ Jackson Ave. : United States : ('37.7940210', '-120.9857480') :  : http://cityofescalon.org/departments/transit-services/ :  :  : 
92 : Rite Aid Pharmacy : 1707 McHenry Ave, Modesto, CA 95350, United States : ('37.6698770', '-120.9948000') : +1 209-526-4773 : https://www.riteaid.com/store-details?storeNumber=6008 :  : 95350 : 4306
93 : Rite Aid Pharmacy : 26 Old Mammoth Rd, Mammoth Lakes, CA 93546, United States : ('37.6456890', '-118.9667560') : +1 760-934-8561 : https://www.riteaid.com/store-details?storeNumber=5842 :  : 93546 : 0128
94 : Rite Aid Pharmacy : 1935 N St, Newman, CA 95360, United States : ('37.3098150', '-121.0206300') : +1 209-862-1208 : https://www.riteaid.com/store-details?storeNumber=6013 :  : 95360 : 1419
95 : Rite Aid Pharmacy : 360 E 10th St, Gilroy, CA 95020, United States : ('37.0001920', '-121.5608930') : +1 408-848-2328 : https://www.riteaid.com/store-details?storeNumber=5970 :  : 95020 : 6576
96 : Rite Aid Pharmacy : 16000 Monterey St, Morgan Hill, CA 95037, United States : ('37.1136190', '-121.6424900') : +1 408-778-5184 : https://www.riteaid.com/store-details?storeNumber=5975 :  : 95037 : 
97 : Rite Aid Pharmacy : 1701 Airline Hwy, Hollister, CA 95023, United States : ('36.8382580', '-121.3892470') : +1 831-636-1692 : https://www.riteaid.com/store-details?storeNumber=5971 :  : 95023 : 5689
98 : Rite Aid Pharmacy : 1988 Freedom Blvd, Freedom, CA 95019, United States : ('36.9388540', '-121.7756940') : +1 831-724-5104 : https://www.riteaid.com/store-details?storeNumber=5969 :  : 95019 : 2837
99 : Rite Aid Pharmacy : 6215 Santa Teresa Blvd, San Jose, CA 95119, United States : ('37.2358570', '-121.8028350') : +1 408-227-2816 : https://www.riteaid.com/store-details?storeNumber=5983 :  : 95119 : 1436
100 : Rite Aid Pharmacy : 3142 G St, Merced, CA 95340, United States : ('37.3190980', '-120.4675580') : +1 209-383-9086 : https://www.riteaid.com/store-details?storeNumber=6007 :  : 95340 : 
101 : Rite Aid Pharmacy : 500 Main St, Livingston, CA 95334, United States : ('37.3855360', '-120.7239590') : +1 209-394-8416 : https://www.riteaid.com/store-details?storeNumber=6379 :  : 95334 : 1428
102 : Rite Aid Pharmacy : 1158 W Main St, Merced, CA 95340, United States : ('37.3046280', '-120.4942520') : +1 209-383-2404 : https://www.riteaid.com/store-details?storeNumber=6006 :  : 95340 : 4523
103 : Rite Aid Pharmacy : 571 Bellevue Rd, Atwater, CA 95301, United States : ('37.3615140', '-120.5980550') : +1 209-358-6306 : https://www.riteaid.com/store-details?storeNumber=6001 :  : 95301 : 2928
104 : Rite Aid Pharmacy : 651 N Golden State Blvd, Turlock, CA 95380, United States : ('37.4982810', '-120.8505080') : +1 209-634-5831 : https://www.riteaid.com/store-details?storeNumber=6019 :  : 95380 : 3952
105 : Rite Aid Pharmacy : 48 Robertson Blvd, Chowchilla, CA 93610, United States : ('37.1241150', '-120.2594180') : +1 559-665-1096 : https://www.riteaid.com/store-details?storeNumber=5848 :  : 93610 : 2928
106 : Rite Aid Pharmacy : 1317 E Pacheco Blvd, Los Banos, CA 93635, United States : ('37.0561960', '-120.8367770') : +1 209-826-3036 : https://www.riteaid.com/store-details?storeNumber=5855 :  : 93635 : 4335
107 : Rite Aid Pharmacy : 1000 W Monte Vista Ave, Turlock, CA 95382, United States : ('37.5214720', '-120.8615380') : +1 209-669-9704 : https://www.riteaid.com/store-details?storeNumber=6512 :  : 95382 : 0406
108 : Cardtronics ATM : 1158 W Main St, Merced, CA 95340, United States : ('37.3047010', '-120.4941760') :  :  :  : 95340 : 4523
109 : Rite Aid Pharmacy : 49060 Road 426, Oakhurst, CA 93644, United States : ('37.3320100', '-119.6515180') : +1 559-683-8882 : https://www.riteaid.com/store-details?storeNumber=6389 :  : 93644 : 9486
110 : Rite Aid Pharmacy : 8027 N Cedar Ave, Fresno, CA 93720, United States : ('36.8526480', '-119.7574920') : +1 559-431-1002 : https://www.riteaid.com/store-details?storeNumber=6378 :  : 93720 : 4827
111 : Rite Aid Pharmacy : 2990 E Nees Ave, Fresno, CA 93720, United States : ('36.8527150', '-119.7307390') : +1 559-297-4306 : https://www.riteaid.com/store-details?storeNumber=6476 :  : 93720 : 6008
112 : Rite Aid Pharmacy : 4994 Joe Howard St, Mariposa, CA 95338, United States : ('37.4919480', '-119.9741090') : +1 209-742-7600 : https://www.riteaid.com/store-details?storeNumber=6443 :  : 95338 : 1159
113 : Rite Aid Pharmacy : 2020 E Copper Ave, Fresno, CA 93730, United States : ('36.8964000', '-119.7470000') : +1 559-433-1290 : https://www.riteaid.com/store-details?storeNumber=4072 :  : 93730 : 5402
114 : Rite Aid Pharmacy : 335 W Olive Ave, Madera, CA 93637, United States : ('36.9544690', '-120.0595720') : +1 559-674-2182 : https://www.riteaid.com/store-details?storeNumber=5856 :  : 93637 : 5402
115 : Rite Aid Pharmacy : 1375 Rocking W Dr, Bishop, CA 93514, United States : ('37.3773900', '-118.4207700') : +1 760-873-7883 : https://www.riteaid.com/store-details?storeNumber=5839 :  : 93514 : 
116 : Rite Aid Pharmacy : 602 Williams Rd, Salinas, CA 93905, United States : ('36.6792380', '-121.6059600') : +1 831-784-1606 : https://www.riteaid.com/store-details?storeNumber=6310 :  : 93905 : 
117 : Rite Aid Pharmacy : 540 Canal St, King City, CA 93930, United States : ('36.2042790', '-121.1312900') : +1 831-385-0886 : https://www.riteaid.com/store-details?storeNumber=5880 :  : 93930 : 3446
118 : Rite Aid Pharmacy : 650 Walnut Avenue, Greenfield, CA 93927, United States : ('36.3287740', '-121.2469150') : +1 831-674-5565 : https://www.riteaid.com/store-details?storeNumber=5879 :  : 93927 : 
119 : Rite Aid Pharmacy : 880 Northridge Dr, Salinas, CA 93906, United States : ('36.7208190', '-121.6579630') : +1 831-449-2481 : https://www.riteaid.com/store-details?storeNumber=5876 :  : 93906 : 2007
120 : Rite Aid Pharmacy : 1701 Airline Hwy, Hollister, CA 95023, United States : ('36.8382580', '-121.3892470') : +1 831-636-1692 : https://www.riteaid.com/store-details?storeNumber=5971 :  : 95023 : 5689
121 : Rite Aid Pharmacy : 159 W Polk St, Coalinga, CA 93210, United States : ('36.1356160', '-120.3649430') : +1 559-935-3597 : https://www.riteaid.com/store-details?storeNumber=5793 :  : 93210 : 2302
122 : Rite Aid Pharmacy : 2640 Floral Ave, Selma, CA 93662, United States : ('36.5766900', '-119.6240390') : +1 559-896-7105 : https://www.riteaid.com/store-details?storeNumber=5860 :  : 93662 : 2602
123 : Rite Aid Pharmacy : 707 W Lacey Blvd, Hanford, CA 93230, United States : ('36.3274600', '-119.6557570') : +1 559-584-1896 : https://www.riteaid.com/store-details?storeNumber=5796 :  : 93230 : 4326
124 : Rite Aid Pharmacy : 1101 Fresno St, Fresno, CA 93706, United States : ('36.7303200', '-119.8011970') : +1 559-441-0998 : https://www.riteaid.com/store-details?storeNumber=6295 :  : 93706 : 3235
125 : Rite Aid Pharmacy : 1155 Shaw Ave, Clovis, CA 93612, United States : ('36.8100070', '-119.6947930') : +1 559-297-4198 : https://www.riteaid.com/store-details?storeNumber=5849 :  : 93612 : 3928
126 : Rite Aid Pharmacy : 1210 N Blackstone Ave, Fresno, CA 93703, United States : ('36.7580930', '-119.7898880') : +1 559-445-0694 : https://www.riteaid.com/store-details?storeNumber=5862 :  : 93703 : 3606
127 : Rite Aid Pharmacy : 5574 E Kings Canyon Rd, Fresno, CA 93727, United States : ('36.7348010', '-119.7006450') : +1 559-458-0534 : https://www.riteaid.com/store-details?storeNumber=5872 :  : 93727 : 
128 : Rite Aid Pharmacy : 4593 N Cedar Ave, Fresno, CA 93726, United States : ('36.8007950', '-119.7548940') : +1 559-222-2472 : https://www.riteaid.com/store-details?storeNumber=6289 :  : 93726 : 2540
129 : Rite Aid Pharmacy : 4224 E Shields Ave, Fresno, CA 93726, United States : ('36.7791830', '-119.7535430') : +1 559-229-6024 : https://www.riteaid.com/store-details?storeNumber=5861 :  : 93726 : 
130 : Rite Aid Pharmacy : 2500 N 10th Ave, Hanford, CA 93230, United States : ('36.3579030', '-119.6377540') : +1 559-587-9626 : https://www.riteaid.com/store-details?storeNumber=6243 :  : 93230 : 7202
131 : Rite Aid Pharmacy : 1721 E Manning Ave, Reedley, CA 93654, United States : ('36.6035330', '-119.4302040') : +1 559-638-6349 : https://www.riteaid.com/store-details?storeNumber=5858 :  : 93654 : 9468
132 : Rite Aid Pharmacy : 2011 W Shaw Ave, Fresno, CA 93711, United States : ('36.8076360', '-119.8269940') : +1 559-224-0920 : https://www.riteaid.com/store-details?storeNumber=5865 :  : 93711 : 3404
133 : Rite Aid Pharmacy : 6074 N 1st St, Fresno, CA 93710, United States : ('36.8246090', '-119.7713780') : +1 559-431-5231 : https://www.riteaid.com/store-details?storeNumber=5863 :  : 93710 : 5405
134 : Rite Aid Pharmacy : 820 N Lemoore Ave, Lemoore, CA 93245, United States : ('36.3075410', '-119.7800780') : +1 559-925-6027 : https://www.riteaid.com/store-details?storeNumber=6475 :  : 93245 : 2333
135 : Rite Aid Pharmacy : 456 S Madera Ave, Kerman, CA 93630, United States : ('36.7285100', '-120.0598380') : +1 559-846-7115 : https://www.riteaid.com/store-details?storeNumber=5853 :  : 93630 : 1019
136 : Rite Aid Pharmacy : 5212 West Walnut Avenue, Visalia, CA 93277, United States : ('36.3136410', '-119.3485580') : +1 559-733-5404 : https://www.riteaid.com/store-details?storeNumber=5806 :  : 93277 : 
137 : Rite Aid Pharmacy : 1645 E Tulare Ave, Tulare, CA 93274, United States : ('36.2106250', '-119.3227630') : +1 559-688-5839 : https://www.riteaid.com/store-details?storeNumber=6454 :  : 93274 : 
138 : Rite Aid Pharmacy : 110 E Cross Ave, Tulare, CA 93274, United States : ('36.2142100', '-119.3487270') : +1 559-686-1588 : https://www.riteaid.com/store-details?storeNumber=5803 :  : 93274 : 2850
139 : Rite Aid Pharmacy : 875 N Alta Ave, Dinuba, CA 93618, United States : ('36.5527010', '-119.3958310') : +1 559-595-1341 : https://www.riteaid.com/store-details?storeNumber=6522 :  : 93618 : 3002
140 : Rite Aid Pharmacy : 3795 W Shields Ave, Fresno, CA 93722, United States : ('36.7785300', '-119.8616750') : +1 559-271-5030 : https://www.riteaid.com/store-details?storeNumber=5869 :  : 93722 : 5247
141 : Rite Aid Pharmacy : 2200 E El Monte Way, Dinuba, CA 93618, United States : ('36.5440890', '-119.3701770') : +1 559-591-1401 : https://www.riteaid.com/store-details?storeNumber=5852 :  : 93618 : 9377
142 : Rite Aid Pharmacy : 2727 S Mooney Blvd, Visalia, CA 93277, United States : ('36.3062630', '-119.3153340') : +1 559-733-0770 : https://www.riteaid.com/store-details?storeNumber=5805 :  : 93277 : 6240
143 : Cardtronics ATM : 1101 Fresno St, Fresno, CA 93706, United States : ('36.7301220', '-119.8011110') : +1 559-268-2131 : http://www.cardtronics.com/ :  : 93706 : 3235
144 : Rite Aid Pharmacy : 1735 E Walnut Ave, Visalia, CA 93292, United States : ('36.3120350', '-119.2733070') : +1 559-625-3831 : https://www.riteaid.com/store-details?storeNumber=6459 :  : 93292 : 1394
145 : Rite Aid Pharmacy : 1645 E Tulare Ave, Tulare, CA 93274, United States : ('36.2106250', '-119.3227630') : +1 559-688-5839 : https://www.riteaid.com/store-details?storeNumber=6454 :  : 93274 : 
146 : Rite Aid Pharmacy : 5212 West Walnut Avenue, Visalia, CA 93277, United States : ('36.3136410', '-119.3485580') : +1 559-733-5404 : https://www.riteaid.com/store-details?storeNumber=5806 :  : 93277 : 
147 : Rite Aid Pharmacy : 110 E Cross Ave, Tulare, CA 93274, United States : ('36.2142100', '-119.3487270') : +1 559-686-1588 : https://www.riteaid.com/store-details?storeNumber=5803 :  : 93274 : 2850
148 : Rite Aid Pharmacy : 1119 W Visalia Rd, Exeter, CA 93221, United States : ('36.2983720', '-119.1546780') : +1 559-592-4901 : https://www.riteaid.com/store-details?storeNumber=5795 :  : 93221 : 2204
149 : Rite Aid Pharmacy : 2727 S Mooney Blvd, Visalia, CA 93277, United States : ('36.3062630', '-119.3153340') : +1 559-733-0770 : https://www.riteaid.com/store-details?storeNumber=5805 :  : 93277 : 6240
150 : Rite Aid Pharmacy : 262 North Highway 65, Lindsay, CA 93247, United States : ('36.2026760', '-119.1014360') : +1 559-562-4404 : https://www.riteaid.com/store-details?storeNumber=5798 :  : 93247 : 
151 : Rite Aid Pharmacy : 2424 Spring St, Paso Robles, CA 93446, United States : ('35.6397060', '-120.6915790') : +1 805-239-3208 : https://www.riteaid.com/store-details?storeNumber=5832 :  : 93446 : 
152 : Rite Aid Pharmacy : 1151 Creston Rd, Paso Robles, CA 93446, United States : ('35.6241310', '-120.6616260') : +1 805-239-3028 : https://www.riteaid.com/store-details?storeNumber=5831 :  : 93446 : 
153 : Rite Aid Pharmacy : 7025 El Camino Real, Atascadero, CA 93422, United States : ('35.4863540', '-120.6641420') : +1 805-466-8722 : https://www.riteaid.com/store-details?storeNumber=5827 :  : 93422 : 0000
154 : Spring & 24th (Rite Aid) : United States : ('35.6395880', '-120.6923540') :  : http://www.slorta.org/pasoexpress :  :  : 
155 : Rite Aid Pharmacy : 159 W Polk St, Coalinga, CA 93210, United States : ('36.1356160', '-120.3649430') : +1 559-935-3597 : https://www.riteaid.com/store-details?storeNumber=5793 :  : 93210 : 2302
156 : Rite Aid Pharmacy : 1500 Whitley Ave, Corcoran, CA 93212, United States : ('36.0985920', '-119.5667360') : +1 559-992-8020 : https://www.riteaid.com/store-details?storeNumber=6395 :  : 93212 : 2226
157 : Rite Aid Pharmacy : 2501, Wasco, CA 93280, United States : ('35.6009550', '-119.3542690') : +1 661-758-0133 : https://www.riteaid.com/store-details?storeNumber=5807 :  : 93280 : 
158 : Rite Aid Pharmacy : 66 W Morton Ave, Porterville, CA 93257, United States : ('36.0735540', '-119.0175120') : +1 559-788-0452 : https://www.riteaid.com/store-details?storeNumber=5799 :  : 93257 : 2331
159 : Rite Aid Pharmacy : 1809 Cecil Ave, Delano, CA 93215, United States : ('35.7763760', '-119.2313990') : +1 661-725-1312 : https://www.riteaid.com/store-details?storeNumber=5794 :  : 93215 : 1519
160 : Rite Aid Pharmacy : 150 E Lerdo Hwy, Shafter, CA 93263, United States : ('35.5003320', '-119.2770580') : +1 661-746-4991 : https://www.riteaid.com/store-details?storeNumber=6302 :  : 93263 : 2702
161 : Rite Aid : United States : ('35.7767340', '-119.2319970') :  : http://www.cityofdelano.org/index.asp?NID=184 :  :  : 
162 : Rite Aid Pharmacy : 2501, Wasco, CA 93280, United States : ('35.6009550', '-119.3542690') : +1 661-758-0133 : https://www.riteaid.com/store-details?storeNumber=5807 :  : 93280 : 
163 : Rite Aid Pharmacy : 5530 Lake Isabella Blvd, Lake Isabella, CA 93240, United States : ('35.6172200', '-118.4764350') : +1 760-379-5621 : https://www.riteaid.com/store-details?storeNumber=5797 :  : 93240 : 3740
164 : ATM (K-V Bottle Shop) : 5530 Lake Isabella Blvd, Lake Isabella, CA 93240, United States : ('35.6172550', '-118.4763460') :  :  :  : 93240 : 
165 : Rite Aid Pharmacy : 101 N China Lake Blvd, Ridgecrest, CA 93555, United States : ('35.6228770', '-117.6705510') : +1 760-375-0223 : https://www.riteaid.com/store-details?storeNumber=5845 :  : 93555 : 3544
166 : Rite Aid Pharmacy : 1207 E Grand Ave, Arroyo Grande, CA 93420, United States : ('35.1194030', '-120.6015480') : +1 805-489-1830 : https://www.riteaid.com/store-details?storeNumber=5824 :  : 93420 : 2419
167 : Rite Aid Pharmacy : 1251 Johnson Ave, San Luis Obispo, CA 93401, United States : ('35.2820170', '-120.6561120') : +1 805-545-0655 : https://www.riteaid.com/store-details?storeNumber=5820 :  : 93401 : 3306
168 : Rite Aid Pharmacy : 765 Foothill Blvd, San Luis Obispo, CA 93405, United States : ('35.2934930', '-120.6731520') : +1 805-543-5697 : https://www.riteaid.com/store-details?storeNumber=5822 :  : 93405 : 
169 : Rite Aid Pharmacy : 2405 S Broadway, Santa Maria, CA 93454, United States : ('34.9161940', '-120.4367560') : +1 805-925-6404 : https://www.riteaid.com/store-details?storeNumber=5836 :  : 93454 : 7817
170 : Rite Aid Pharmacy : 1690 E Grand Ave, Arroyo Grande, CA 93420, United States : ('35.1215140', '-120.6083220') : +1 805-474-0469 : https://www.riteaid.com/store-details?storeNumber=5825 :  : 93420 : 2469
171 : Rite Aid Pharmacy : 345 Town Center E, Santa Maria, CA 93454, United States : ('34.9501240', '-120.4380050') : +1 805-925-1167 : https://www.riteaid.com/store-details?storeNumber=5835 :  : 93454 : 
172 : Rite Aid Pharmacy : 531 5 Cities Dr, Pismo Beach, CA 93449, United States : ('35.1350590', '-120.6251430') : +1 805-773-1825 : https://www.riteaid.com/store-details?storeNumber=5833 :  : 93449 : 3007
173 : Rite Aid Pharmacy : 740 Quintana Rd, Morro Bay, CA 93442, United States : ('35.3673110', '-120.8438160') : +1 805-772-6198 : https://www.riteaid.com/store-details?storeNumber=5830 :  : 93442 : 1940
174 : Rite Aid Pharmacy : 1110 Los Osos Valley Rd, Los Osos, CA 93402, United States : ('35.3118940', '-120.8305740') : +1 805-528-5779 : https://www.riteaid.com/store-details?storeNumber=5821 :  : 93402 : 
175 : Rite Aid Pharmacy : 1076 Kern St, Taft, CA 93268, United States : ('35.1465140', '-119.4674260') : +1 661-763-3132 : https://www.riteaid.com/store-details?storeNumber=5800 :  : 93268 : 
176 : Rite Aid Pharmacy : 8008 Panama Rd, Lamont, CA 93241, United States : ('35.2675330', '-118.9151580') : +1 661-845-6917 : https://www.riteaid.com/store-details?storeNumber=6489 :  : 93241 : 1322
177 : Rite Aid Pharmacy : 1601 23rd St, Bakersfield, CA 93301, United States : ('35.3795270', '-119.0205700') : +1 661-324-8974 : https://www.riteaid.com/store-details?storeNumber=5809 :  : 93301 : 3911
178 : Rite Aid Pharmacy : 3225 Panama Ln, Bakersfield, CA 93313, United States : ('35.2953080', '-119.0381870') : +1 661-396-0108 : https://www.riteaid.com/store-details?storeNumber=6303 :  : 93313 : 3732
179 : Rite Aid Pharmacy : 1425 S H St, Bakersfield, CA 93304, United States : ('35.3405710', '-119.0215780') : +1 661-833-1680 : https://www.riteaid.com/store-details?storeNumber=5811 :  : 93304 : 4512
180 : Rite Aid Pharmacy : 8000 White Ln, Bakersfield, CA 93309, United States : ('35.3200950', '-119.0908300') : +1 661-837-2198 : https://www.riteaid.com/store-details?storeNumber=5817 :  : 93309 : 7688
181 : Rite Aid Pharmacy : 2505 Mt Vernon Ave, Bakersfield, CA 93306, United States : ('35.3908300', '-118.9667420') : +1 661-872-6272 : https://www.riteaid.com/store-details?storeNumber=5814 :  : 93306 : 3199
182 : Rite Aid Pharmacy : 9000 Ming Ave, Bakersfield, CA 93311, United States : ('35.3415070', '-119.1016140') : +1 661-663-0171 : https://www.riteaid.com/store-details?storeNumber=6195 :  : 93311 : 1319
183 : Rite Aid Pharmacy : 1107 Calloway Dr, Bakersfield, CA 93312, United States : ('35.3682780', '-119.1116860') : +1 661-587-6951 : https://www.riteaid.com/store-details?storeNumber=6451 :  : 93312 : 6383
184 : Rite Aid Pharmacy : 100 China Grade Loop, Bakersfield, CA 93308, United States : ('35.4272900', '-119.0206780') : +1 661-393-3358 : https://www.riteaid.com/store-details?storeNumber=5815 :  : 93308 : 1739
185 : Rite Aid Pharmacy : 11200 Olive Dr, Bakersfield, CA 93312, United States : ('35.4204050', '-119.1271280') : +1 661-588-0010 : https://www.riteaid.com/store-details?storeNumber=6549 :  : 93312 : 5840
186 : Rite Aid Pharmacy : 2646 Allen Rd, Bakersfield, CA 93314, United States : ('35.3841970', '-119.1448570') : +1 661-587-0275 : https://www.riteaid.com/store-details?storeNumber=6294 :  : 93314 : 9542
187 : Rite Aid Pharmacy : 6001 Coffee Rd, Bakersfield, CA 93308, United States : ('35.4130280', '-119.0930550') : +1 661-587-5401 : https://www.riteaid.com/store-details?storeNumber=6366 :  : 93308 : 9414
188 : Rite Aid Pharmacy : 715 Airport Dr, Bakersfield, CA 93308, United States : ('35.4127970', '-119.0401460') : +1 661-392-7059 : https://www.riteaid.com/store-details?storeNumber=5816 :  : 93308 : 4129
189 : Rite Aid Pharmacy : 9482 California City Blvd, California City, CA 93505, United States : ('35.1253750', '-117.9591620') : +1 760-373-5268 : https://www.riteaid.com/store-details?storeNumber=5837 :  : 93505 : 1700
190 : Rite Aid Pharmacy : 2547 Rosamond Blvd, Rosamond, CA 93560, United States : ('34.8655660', '-118.1777230') : +1 661-256-1116 : https://www.riteaid.com/store-details?storeNumber=5846 :  : 93560 : 6266
191 : Rite Aid Pharmacy : 811 Tucker Rd, Tehachapi, CA 93561, United States : ('35.1236340', '-118.4691000') : +1 661-822-9232 : https://www.riteaid.com/store-details?storeNumber=5847 :  : 93561 : 2510
192 : Rite Aid Pharmacy : 1380 Barstow Rd, Barstow, CA 92311, United States : ('34.8771000', '-117.0230000') : +1 760-252-3502 : https://www.riteaid.com/store-details?storeNumber=5690 :  : 92311 : 4944
193 : Rite Aid Pharmacy : 616 Alamo Pintado Rd, Solvang, CA 93463, United States : ('34.6001530', '-120.1281260') : +1 805-686-0016 : https://www.riteaid.com/store-details?storeNumber=6185 :  : 93463 : 2202
194 : Rite Aid Pharmacy : 1976 Cliff Dr, Santa Barbara, CA 93109, United States : ('34.4023830', '-119.7230200') : +1 805-564-6599 : https://www.riteaid.com/store-details?storeNumber=5790 :  : 93109 : 1504
195 : Rite Aid Pharmacy : 825 State St, Santa Barbara, CA 93101, United States : ('34.4200210', '-119.7003750') : +1 805-966-2760 : https://www.riteaid.com/store-details?storeNumber=5789 :  : 93101 : 
196 : Rite Aid Pharmacy : 35 S Milpas St, Santa Barbara, CA 93103, United States : ('34.4214690', '-119.6773530') : +1 805-965-0787 : https://www.riteaid.com/store-details?storeNumber=5788 :  : 93103 : 3305
197 : Rite Aid Pharmacy : 199 N Fairview Ave, Goleta, CA 93117, United States : ('34.4429470', '-119.8315480') : +1 805-964-9892 : https://www.riteaid.com/store-details?storeNumber=5791 :  : 93117 : 2304
198 : Rite Aid Pharmacy : 616 Alamo Pintado Rd, Solvang, CA 93463, United States : ('34.6001530', '-120.1281260') : +1 805-686-0016 : https://www.riteaid.com/store-details?storeNumber=6185 :  : 93463 : 2202
199 : Rite Aid Pharmacy : 801 Linden Ave, Carpinteria, CA 93013, United States : ('34.3979480', '-119.5199680') : +1 805-684-4816 : https://www.riteaid.com/store-details?storeNumber=5776 :  : 93013 : 2042
200 : Rite Aid Pharmacy : 3825 E.Thousand Oaks Blvd., Thousand Oaks, CA 91362, United States : ('34.1631000', '-118.8270000') : +1 805-497-3614 : https://www.riteaid.com/store-details?storeNumber=5560 :  : 91362 : 
201 : Rite Aid Pharmacy : 600 W Ventura St, Fillmore, CA 93015, United States : ('34.3953320', '-118.9152110') : +1 805-524-9792 : https://www.riteaid.com/store-details?storeNumber=5777 :  : 93015 : 1925
202 : Rite Aid Pharmacy : 3941 Spring Rd, Moorpark, CA 93021, United States : ('34.2633850', '-118.8653480') : +1 805-529-5726 : https://www.riteaid.com/store-details?storeNumber=5778 :  : 93021 : 2300
203 : Rite Aid Pharmacy : 1159 E Los Angeles Ave, Simi Valley, CA 93065, United States : ('34.2729700', '-118.7760110') : +1 805-526-5395 : https://www.riteaid.com/store-details?storeNumber=5787 :  : 93065 : 2846
204 : Rite Aid Pharmacy : 2550, Camarillo, CA 93010, United States : ('34.2360610', '-119.0353360') : +1 805-482-2135 : https://www.riteaid.com/store-details?storeNumber=5775 :  : 93010 : 
205 : Rite Aid Pharmacy : 221 E Harvard Blvd, Santa Paula, CA 93060, United States : ('34.3476940', '-119.0695060') : +1 805-525-4014 : https://www.riteaid.com/store-details?storeNumber=5783 :  : 93060 : 3315
206 : Rite Aid Pharmacy : 205 N Moorpark Rd, Thousand Oaks, CA 91360, United States : ('34.1827000', '-118.8780000') : +1 805-495-2019 : https://www.riteaid.com/store-details?storeNumber=5558 :  : 91360 : 4353
207 : Rite Aid Pharmacy : 5845 E Los Angeles Ave, Simi Valley, CA 93063, United States : ('34.2724990', '-118.6769300') : +1 805-522-2029 : https://www.riteaid.com/store-details?storeNumber=5786 :  : 93063 : 4256
208 : Rite Aid Pharmacy : 720 N Ventura Rd, Oxnard, CA 93030, United States : ('34.2093360', '-119.1932630') : +1 805-983-1097 : https://www.riteaid.com/store-details?storeNumber=5780 :  : 93030 : 4413
209 : Rite Aid Pharmacy : 21949 Ventura Blvd, Woodland Hills, CA 91364, United States : ('34.1693190', '-118.6053010') : +1 818-348-5542 : https://www.riteaid.com/store-details?storeNumber=5561 :  : 91364 : 1725
210 : Rite Aid Pharmacy : 8230 Topanga Canyon Blvd, Canoga Park, CA 91304, United States : ('34.2189410', '-118.6053680') : +1 818-348-5126 : https://www.riteaid.com/store-details?storeNumber=5541 :  : 91304 : 3840
211 : Rite Aid Pharmacy : 131 W Main St, Ventura, CA 93001, United States : ('34.2824380', '-119.3029550') : +1 805-643-1121 : https://www.riteaid.com/store-details?storeNumber=5771 :  : 93001 : 2509
212 : Rite Aid Pharmacy : 11496 N Ventura Ave, Ojai, CA 93023, United States : ('34.4254500', '-119.2884600') : +1 805-646-6697 : https://www.riteaid.com/store-details?storeNumber=5779 :  : 93023 : 4155
213 : Rite Aid Pharmacy : 27716 McBean Pkwy, Valencia, CA 91354, United States : ('34.4445820', '-118.5514600') : +1 661-263-6658 : https://www.riteaid.com/store-details?storeNumber=6263 :  : 91354 : 1430
214 : Rite Aid Pharmacy : 6410 Platt Ave, West Hills, CA 91307, United States : ('34.1872070', '-118.6414940') : +1 818-348-4850 : https://www.riteaid.com/store-details?storeNumber=5544 :  : 91307 : 3216
215 : Rite Aid Pharmacy : 20141 Sherman Way, Winnetka, CA 91306, United States : ('34.2019410', '-118.5726040') : +1 818-882-0202 : https://www.riteaid.com/store-details?storeNumber=5542 :  : 91306 : 
216 : Rite Aid Pharmacy : 17266 Saticoy St, Van Nuys, CA 91406, United States : ('34.2069830', '-118.5095220') : +1 818-345-1543 : https://www.riteaid.com/store-details?storeNumber=5568 :  : 91406 : 2103
217 : Rite Aid Pharmacy : 10120 Mason Ave, Chatsworth, CA 91311, United States : ('34.2543000', '-118.5790000') : +1 818-349-7213 : https://www.riteaid.com/store-details?storeNumber=5545 :  : 91311 : 
218 : Rite Aid Pharmacy : 23335 Lyons Ave, Santa Clarita, CA 91355, United States : ('34.3803000', '-118.5420000') : +1 661-259-5950 : https://www.riteaid.com/store-details?storeNumber=5557 :  : 91355 : 3027
219 : Rite Aid Pharmacy : 4710 Commons Way, Calabasas, CA 91302, United States : ('34.1536540', '-118.6439660') : +1 818-222-0549 : https://www.riteaid.com/store-details?storeNumber=6327 :  : 91302 : 3364
220 : Rite Aid Pharmacy : 2661 Saviers Rd, Oxnard, CA 93033, United States : ('34.1750360', '-119.1790910') : +1 805-483-8676 : https://www.riteaid.com/store-details?storeNumber=5781 :  : 93033 : 4554
221 : Rite Aid Pharmacy : 18444 Plummer St, Northridge, CA 91325, United States : ('34.2424160', '-118.5350800') : +1 818-349-6267 : https://www.riteaid.com/store-details?storeNumber=5548 :  : 91325 : 2112
222 : Rite Aid Pharmacy : 17864 Ventura Blvd, Encino, CA 91316, United States : ('34.1632000', '-118.5220000') : +1 818-345-5456 : https://www.riteaid.com/store-details?storeNumber=5546 :  : 91316 : 3615
223 : Rite Aid Pharmacy : 16930 Parthenia St, Northridge, CA 91343, United States : ('34.2276880', '-118.5011830') : +1 818-895-2724 : https://www.riteaid.com/store-details?storeNumber=6268 :  : 91343 : 4506
224 : Rite Aid Pharmacy : 2738 E Thompson Blvd, Ventura, CA 93003, United States : ('34.2707460', '-119.2599350') : +1 805-648-7795 : https://www.riteaid.com/store-details?storeNumber=5772 :  : 93003 : 2719
225 : Rite Aid Pharmacy : 5747 Kanan Rd, Agoura Hills, CA 91301, United States : ('34.1554000', '-118.7570000') : +1 818-991-5258 : https://www.riteaid.com/store-details?storeNumber=5539 :  : 91301 : 1601
226 : Rite Aid Pharmacy : 10823 Zelzah Ave, Granada Hills, CA 91344, United States : ('34.2668120', '-118.5239240') : +1 818-360-8411 : https://www.riteaid.com/store-details?storeNumber=5553 :  : 91344 : 4433
227 : Rite Aid Pharmacy : 387 E Avenida De Los Arboles, Thousand Oaks, CA 91360, United States : ('34.2185000', '-118.8700000') : +1 805-492-1559 : https://www.riteaid.com/store-details?storeNumber=5559 :  : 91360 : 2933
228 : Rite Aid Pharmacy : 2480 Victoria Ave, Port Hueneme, CA 93041, United States : ('34.1770990', '-119.2207880') : +1 805-985-2326 : https://www.riteaid.com/store-details?storeNumber=5782 :  : 93041 : 2141
229 : Rite Aid Pharmacy : 26825 Bouquet Canyon Rd, Santa Clarita, CA 91350, United States : ('34.4343620', '-118.5307650') : +1 661-296-8572 : https://www.riteaid.com/store-details?storeNumber=5555 :  : 91350 : 2372
230 : Cardtronics ATM : 2661 Saviers Rd, Oxnard, CA 93033, United States : ('34.1758560', '-119.1790520') :  :  :  : 93033 : 4554
231 : Cardtronics ATM : 720 N Ventura Rd, Oxnard, CA 93030, United States : ('34.2092980', '-119.1933530') :  :  :  : 93030 : 4413
232 : Rite Aid Pharmacy : 26825 Bouquet Canyon Rd, Santa Clarita, CA 91350, United States : ('34.4344520', '-118.5308440') : +1 661-296-8572 : https://www.riteaid.com/ :  : 91350 : 
233 : Rite Aid Pharmacy : 531 N Glendale Ave, Glendale, CA 91206, United States : ('34.1544000', '-118.2440000') : +1 818-241-9770 : https://www.riteaid.com/store-details?storeNumber=5537 :  : 91206 : 3307
234 : Rite Aid Pharmacy : 1421 E Washington Blvd, Pasadena, CA 91104, United States : ('34.1695630', '-118.1207250') : +1 626-296-0245 : https://www.riteaid.com/store-details?storeNumber=6344 :  : 91104 : 2650
235 : Rite Aid Pharmacy : 735 E Altadena Dr, Altadena, CA 91001, United States : ('34.1908700', '-118.1323480') : +1 626-791-7935 : https://www.riteaid.com/store-details?storeNumber=5526 :  : 91001 : 2302
236 : Rite Aid Pharmacy : 2647 Foothill Blvd, La Crescenta, CA 91214, United States : ('34.2228000', '-118.2360000') : +1 818-248-1016 : https://www.riteaid.com/store-details?storeNumber=5538 :  : 91214 : 3511
237 : Rite Aid Pharmacy : 1038 E Colorado Blvd, Pasadena, CA 91106, United States : ('34.1455810', '-118.1290850') : +1 626-796-5539 : https://www.riteaid.com/store-details?storeNumber=6255 :  : 91106 : 2323
238 : Rite Aid Pharmacy : 647 Foothill Blvd, La Cañada Flintridge, CA 91011, United States : ('34.2024170', '-118.1924120') : +1 818-790-5577 : https://www.riteaid.com/store-details?storeNumber=5529 :  : 91011 : 
239 : Rite Aid Pharmacy : 304 W Huntington Dr, Monrovia, CA 91016, United States : ('34.1398000', '-118.0060000') : +1 626-359-6191 : https://www.riteaid.com/store-details?storeNumber=5530 :  : 91016 : 3304
240 : Rite Aid Pharmacy : 935 N Hollywood Way, Burbank, CA 91505, United States : ('34.1673900', '-118.3474730') : +1 818-841-5336 : https://www.riteaid.com/store-details?storeNumber=5571 :  : 91505 : 2816
241 : Rite Aid Pharmacy : 37950 47th St E, Palmdale, CA 93552, United States : ('34.5721630', '-118.0441780') : +1 661-285-9473 : https://www.riteaid.com/store-details?storeNumber=5844 :  : 93552 : 0000
242 : Rite Aid Pharmacy : 6305 York Blvd, Los Angeles, CA 90042, United States : ('34.1148000', '-118.1820000') : +1 323-550-1317 : https://www.riteaid.com/store-details?storeNumber=5450 :  : 90042 : 3639
243 : Rite Aid Pharmacy : 3745 E Foothill Blvd, Pasadena, CA 91107, United States : ('34.1510280', '-118.0721090') : +1 626-351-0515 : https://www.riteaid.com/store-details?storeNumber=5535 :  : 91107 : 2202
244 : Rite Aid Pharmacy : 2419 East Avenue S, Palmdale, CA 93550, United States : ('34.5597060', '-118.0853140') : +1 661-274-4333 : https://www.riteaid.com/store-details?storeNumber=6396 :  : 93550 : 6202
245 : Rite Aid Pharmacy : 39 Las Tunas Dr, Arcadia, CA 91007, United States : ('34.1081590', '-118.0325770') : +1 626-446-1884 : https://www.riteaid.com/store-details?storeNumber=5527 :  : 91007 : 8511
246 : Rite Aid Pharmacy : 914 Fair Oaks Ave, South Pasadena, CA 91030, United States : ('34.1151830', '-118.1499550') : +1 626-441-3702 : https://www.riteaid.com/store-details?storeNumber=5531 :  : 91030 : 3308
247 : Rite Aid Pharmacy : 920 E Valley Blvd, Alhambra, CA 91801, United States : ('34.0791000', '-118.1140000') : +1 626-281-8422 : https://www.riteaid.com/store-details?storeNumber=5611 :  : 91801 : 5226
248 : Rite Aid Pharmacy : 500 S Broadway, Los Angeles, CA 90013, United States : ('34.0476990', '-118.2505950') : +1 213-623-5820 : https://www.riteaid.com/store-details?storeNumber=5429 :  : 90013 : 2302
249 : Rite Aid Pharmacy : 12739 Van Nuys Blvd, Pacoima, CA 91331, United States : ('34.2754010', '-118.4109750') : +1 818-890-1506 : https://www.riteaid.com/store-details?storeNumber=5549 :  : 91331 : 1627
250 : Rite Aid Pharmacy : 3105 Rancho Vista Blvd, Palmdale, CA 93551, United States : ('34.6035120', '-118.1856940') : +1 661-538-1601 : https://www.riteaid.com/store-details?storeNumber=6400 :  : 93551 : 4822
251 : Rite Aid Pharmacy : 600 W 7th St, Los Angeles, CA 90017, United States : ('34.0474980', '-118.2574040') : +1 213-896-0083 : https://www.riteaid.com/store-details?storeNumber=6383 :  : 90017 : 
252 : Rite Aid Pharmacy : 111 E Ave 26, Los Angeles, CA 90031, United States : ('34.0767470', '-118.2151650') : +1 323-222-8876 : https://www.riteaid.com/store-details?storeNumber=5440 :  : 90031 : 2312
253 : Rite Aid Pharmacy : 11350 Victory Boulevard, North Hollywood, CA 91606, United States : ('34.1864310', '-118.3787040') : +1 818-760-7300 : https://www.riteaid.com/store-details?storeNumber=5574 :  : 91606 : 
254 : Rite Aid Pharmacy : 8914 Valley Blvd, Rosemead, CA 91770, United States : ('34.0803000', '-118.0750000') : +1 626-573-3540 : https://www.riteaid.com/store-details?storeNumber=5606 :  : 91770 : 1831
255 : Rite Aid Pharmacy : 153 E Gladstone St, Azusa, CA 91702, United States : ('34.1149810', '-117.9064550') : +1 626-334-3511 : https://www.riteaid.com/store-details?storeNumber=5576 :  : 91702 : 4926
256 : Rite Aid Pharmacy : 6726 Sunset Blvd, Los Angeles, CA 90028, United States : ('34.0975570', '-118.3375330') : +1 323-836-0890 : https://www.riteaid.com/store-details?storeNumber=6491 :  : 90028 : 7108
257 : Rite Aid Pharmacy : 6130 Sunset Blvd, Los Angeles, CA 90028, United States : ('34.0974840', '-118.3234580') : +1 323-467-4201 : https://www.riteaid.com/store-details?storeNumber=5438 :  : 90028 : 
258 : Rite Aid Pharmacy : 7900 Sunset Blvd, Los Angeles, CA 90046, United States : ('34.0978000', '-118.3620000') : +1 323-876-4466 : https://www.riteaid.com/store-details?storeNumber=5452 :  : 90046 : 3304
259 : Rite Aid Pharmacy : 69 E Main St, Alhambra, CA 91801, United States : ('34.0959000', '-118.1260000') : +1 626-300-8049 : https://www.riteaid.com/store-details?storeNumber=5612 :  : 91801 : 3514
260 : Rite Aid Pharmacy : 1335 Huntington Dr, Duarte, CA 91010, United States : ('34.1402450', '-117.9756970') : +1 626-359-1316 : https://www.riteaid.com/store-details?storeNumber=5528 :  : 91010 : 
261 : Rite Aid Pharmacy : 16642 Soledad Canyon Rd, Canyon Country, CA 91387, United States : ('34.4260480', '-118.4260540') : +1 661-252-5388 : https://www.riteaid.com/store-details?storeNumber=5556 :  : 91387 : 3217
262 : Rite Aid Pharmacy : 3570 Santa Anita Avenue, El Monte, CA 91731, United States : ('34.0744990', '-118.0404680') : +1 626-442-9238 : https://www.riteaid.com/store-details?storeNumber=5588 :  : 91731 : 
263 : Rite Aid Pharmacy : 165 E Foothill Blvd, Arcadia, CA 91006, United States : ('34.1521950', '-118.0259840') : +1 626-305-9112 : https://www.riteaid.com/store-details?storeNumber=6300 :  : 91006 : 2594
264 : Rite Aid Pharmacy : 13905 Amar Rd, La Puente, CA 91746, United States : ('34.0543000', '-117.9730000') : +1 626-338-9717 : https://www.riteaid.com/store-details?storeNumber=5593 :  : 91746 : 1670
265 : Rite Aid Pharmacy : 10465 Sunland Blvd, Sunland-Tujunga, CA 91040, United States : ('34.2605210', '-118.3262470') : +1 818-352-4129 : https://www.riteaid.com/store-details?storeNumber=5532 :  : 91040 : 
266 : Rite Aid Pharmacy : 4633 Santa Monica Blvd, Los Angeles, CA 90029, United States : ('34.0909000', '-118.2900000') : +1 323-666-6125 : https://www.riteaid.com/store-details?storeNumber=5439 :  : 90029 : 1803
267 : Rite Aid Pharmacy : 1841 N Western Ave, Los Angeles, CA 90027, United States : ('34.1042000', '-118.3100000') : +1 323-461-6136 : https://www.riteaid.com/store-details?storeNumber=5436 :  : 90027 : 3403
268 : Rite Aid Pharmacy : 139 N Grand Ave, Covina, CA 91724, United States : ('34.0868900', '-117.8736280') : +1 626-339-8616 : https://www.riteaid.com/store-details?storeNumber=5585 :  : 91724 : 2957
269 : Rite Aid Pharmacy : 2150 South Atlantic Boulevard, Monterey Park, CA 91754, United States : ('34.0383460', '-118.1437600') : +1 323-726-0385 : https://www.riteaid.com/store-details?storeNumber=5597 :  : 91754 : 
270 : Rite Aid Pharmacy : 1130 North La Brea Avenue, West Hollywood, CA 90038, United States : ('34.0917180', '-118.3431780') : +1 323-463-8539 : https://www.riteaid.com/store-details?storeNumber=5446 :  : 90038 : 
271 : Rite Aid Pharmacy : 300 N Cañon Dr, Beverly Hills, CA 90210, United States : ('34.0694000', '-118.4000000') : +1 310-273-3561 : https://www.riteaid.com/store-details?storeNumber=5462 :  : 90210 : 
272 : Rite Aid Pharmacy : 17266 Saticoy St, Van Nuys, CA 91406, United States : ('34.2069830', '-118.5095220') : +1 818-345-1543 : https://www.riteaid.com/store-details?storeNumber=5568 :  : 91406 : 2103
273 : Rite Aid Pharmacy : 13333 Riverside Dr, Sherman Oaks, CA 91423, United States : ('34.1582200', '-118.4235490') : +1 818-907-1431 : https://www.riteaid.com/store-details?storeNumber=5569 :  : 91423 : 2508
274 : Rite Aid Pharmacy : 1815 S Vermont Ave, Los Angeles, CA 90006, United States : ('34.0412000', '-118.2920000') : +1 323-735-0774 : https://www.riteaid.com/store-details?storeNumber=5426 :  : 90006 : 4525
275 : Rite Aid Pharmacy : 226 N Larchmont Blvd, Los Angeles, CA 90004, United States : ('34.0751000', '-118.3230000') : +1 323-467-1366 : https://www.riteaid.com/store-details?storeNumber=5424 :  : 90004 : 1707
276 : Rite Aid Pharmacy : 7239 Woodman Ave, Van Nuys, CA 91405, United States : ('34.2019000', '-118.4310000') : +1 818-781-7127 : https://www.riteaid.com/store-details?storeNumber=5567 :  : 91405 : 2621
277 : Rite Aid Pharmacy : 5575 Wilshire Blvd, Los Angeles, CA 90036, United States : ('34.0626890', '-118.3500810') : +1 323-954-7193 : https://www.riteaid.com/store-details?storeNumber=6211 :  : 90036 : 3808
278 : Rite Aid Pharmacy : 1480 Foothill Blvd, La Verne, CA 91750, United States : ('34.1161710', '-117.7756640') : +1 909-593-2619 : https://www.riteaid.com/store-details?storeNumber=5595 :  : 91750 : 3450
279 : Rite Aid Pharmacy : 334 S Vermont Ave, Los Angeles, CA 90020, United States : ('34.0679000', '-118.2910000') : +1 213-381-5257 : https://www.riteaid.com/store-details?storeNumber=5425 :  : 90020 : 1807
280 : Rite Aid Pharmacy : 8400 Van Nuys Blvd, Panorama City, CA 91402, United States : ('34.2239000', '-118.4480000') : +1 818-891-6785 : https://www.riteaid.com/store-details?storeNumber=5563 :  : 91402 : 3610
281 : Rite Aid Pharmacy : 1637 N Vermont Ave, Los Angeles, CA 90027, United States : ('34.1011770', '-118.2926880') : +1 323-664-9854 : https://www.riteaid.com/store-details?storeNumber=5435 :  : 90027 : 5312
282 : Rite Aid Pharmacy : 12511 Magnolia Blvd, North Hollywood, CA 91607, United States : ('34.1654850', '-118.4056220') : +1 818-506-8795 : https://www.riteaid.com/store-details?storeNumber=5575 :  : 91607 : 2305
283 : Rite Aid Pharmacy : 463 N Bedford Dr, Beverly Hills, CA 90210, United States : ('34.0690000', '-118.4060000') : +1 310-247-0843 : https://www.riteaid.com/store-details?storeNumber=5461 :  : 90210 : 4302
284 : Rite Aid Pharmacy : 10989 Ventura Blvd, Studio City, CA 91604, United States : ('34.1405890', '-118.3699730') : +1 818-980-1797 : https://www.riteaid.com/store-details?storeNumber=5573 :  : 91604 : 3341
285 : Rite Aid Pharmacy : 14727 Rinaldi St, San Fernando, CA 91340, United States : ('34.2813000', '-118.4540000') : +1 818-361-8010 : https://www.riteaid.com/store-details?storeNumber=5551 :  : 91340 : 4189
286 : Rite Aid Pharmacy : 17864 Ventura Blvd, Encino, CA 91316, United States : ('34.1632000', '-118.5220000') : +1 818-345-5456 : https://www.riteaid.com/store-details?storeNumber=5546 :  : 91316 : 3615
287 : Rite Aid Pharmacy : 1001 Glendon Ave, Los Angeles, CA 90024, United States : ('34.0624180', '-118.4442230') : +1 310-209-0708 : https://www.riteaid.com/store-details?storeNumber=5433 :  : 90024 : 
288 : Rite Aid Pharmacy : 611 E Holt Ave, Pomona, CA 91767, United States : ('34.0631750', '-117.7374840') : +1 909-469-0083 : https://www.riteaid.com/store-details?storeNumber=5604 :  : 91767 : 5625
289 : Rite Aid Pharmacy : 446 E Washington Blvd, Los Angeles, CA 90015, United States : ('34.0285430', '-118.2605930') : +1 213-747-9581 : https://www.riteaid.com/store-details?storeNumber=5430 :  : 90015 : 3721
290 : Rite Aid Pharmacy : 1808 Wilshire Blvd, Santa Monica, CA 90403, United States : ('34.0298200', '-118.4845970') : +1 310-829-3951 : https://www.riteaid.com/store-details?storeNumber=5489 :  : 90403 : 5610
291 : Rite Aid Pharmacy : 1744 W 6th St, Los Angeles, CA 90017, United States : ('34.0574100', '-118.2715150') : +1 213-413-2458 : https://www.riteaid.com/store-details?storeNumber=5454 :  : 90017 : 
292 : Rite Aid Pharmacy : 16930 Parthenia St, Northridge, CA 91343, United States : ('34.2276880', '-118.5011830') : +1 818-895-2724 : https://www.riteaid.com/store-details?storeNumber=6268 :  : 91343 : 4506
293 : Rite Aid Pharmacy : 959 Crenshaw Blvd, Los Angeles, CA 90019, United States : ('34.0552290', '-118.3231340') : +1 323-939-7911 : https://www.riteaid.com/store-details?storeNumber=6288 :  : 90019 : 1938
294 : Rite Aid Pharmacy : 2059 S Garey Ave, Pomona, CA 91766, United States : ('34.0339810', '-117.7499630') : +1 909-613-1191 : https://www.riteaid.com/store-details?storeNumber=6338 :  : 91766 : 5727
295 : Rite Aid Pharmacy : 1433 Glendale Blvd, Los Angeles, CA 90026, United States : ('34.0811480', '-118.2609520') : +1 213-483-3468 : https://www.riteaid.com/store-details?storeNumber=5434 :  : 90026 : 2428
296 : Rite Aid Pharmacy : 12059 Central Ave, Chino, CA 91710, United States : ('34.0346000', '-117.6890000') : +1 909-627-4012 : https://www.riteaid.com/store-details?storeNumber=5579 :  : 91710 : 1908
297 : Rite Aid Pharmacy : 1356 W Avenue J, Lancaster, CA 93534, United States : ('34.6888380', '-118.1562010') : +1 661-948-3343 : https://www.riteaid.com/store-details?storeNumber=5840 :  : 93534 : 
298 : Rite Aid Pharmacy : 13803 Foothill Blvd, Sylmar, CA 91342, United States : ('34.3102370', '-118.4338650') : +1 818-362-2816 : https://www.riteaid.com/store-details?storeNumber=5552 :  : 91342 : 3013
299 : Rite Aid Pharmacy : 11321 National Boulevard, Los Angeles, CA 90064, United States : ('34.0264630', '-118.4324550') : +1 310-479-5729 : https://www.riteaid.com/store-details?storeNumber=5456 :  : 90064 : 
300 : Rite Aid Pharmacy : 9450 Las Tunas Dr, Temple City, CA 91780, United States : ('34.1070000', '-118.0660000') : +1 626-286-0152 : https://www.riteaid.com/store-details?storeNumber=5609 :  : 91780 : 2138
301 : Rite Aid Pharmacy : 9864 National Blvd, Los Angeles, CA 90034, United States : ('34.0303000', '-118.4020000') : +1 310-836-0623 : https://www.riteaid.com/store-details?storeNumber=5441 :  : 90034 : 2713
302 : Rite Aid Pharmacy : 10823 Zelzah Ave, Granada Hills, CA 91344, United States : ('34.2668120', '-118.5239240') : +1 818-360-8411 : https://www.riteaid.com/store-details?storeNumber=5553 :  : 91344 : 4433
303 : Rite Aid Pharmacy : 1528 E Amar Rd, West Covina, CA 91792, United States : ('34.0310000', '-117.9140000') : +1 626-965-2016 : https://www.riteaid.com/store-details?storeNumber=5610 :  : 91792 : 1618
304 : Rite Aid Pharmacy : 4044 Eagle Rock Blvd, Los Angeles, CA 90065, United States : ('34.1203600', '-118.2271250') : +1 323-254-8642 : https://www.riteaid.com/store-details?storeNumber=5448 :  : 90065 : 
305 : Rite Aid Pharmacy : 1331 Wilshire Blvd, Santa Monica, CA 90403, United States : ('34.0267880', '-118.4894010') : +1 310-458-0731 : https://www.riteaid.com/store-details?storeNumber=5488 :  : 90403 : 5410
306 : Rite Aid Pharmacy : 933 W Arrow Hwy, San Dimas, CA 91773, United States : ('34.1081170', '-117.8260130') : +1 909-592-2258 : https://www.riteaid.com/store-details?storeNumber=5608 :  : 91773 : 2420
307 : Rite Aid Pharmacy : 10349 Sepulveda Blvd, Mission Hills, CA 91345, United States : ('34.2587990', '-118.4681350') : +1 818-891-1941 : https://www.riteaid.com/store-details?storeNumber=5554 :  : 91345 : 2421
308 : Rite Aid: Ore Joseph : 13905 Amar Rd, La Puente, CA 91746, United States : ('34.0541570', '-117.9732980') : +1 626-338-9717 : http://www.riteaid.com/ :  : 91746 : 1670
309 : Cardtronics ATM : 1433 Glendale Blvd, Los Angeles, CA 90026, United States : ('34.0810450', '-118.2605560') :  :  :  : 90026 : 2428
310 : Rite Aid Photo : 3570 Santa Anita Ave, El Monte, CA 91731, United States : ('34.0744870', '-118.0404860') : +1 626-442-9238 :  :  : 91731 : 
311 : Cardtronics ATM : 4633 Santa Monica Blvd, Los Angeles, CA 90029, United States : ('34.0918290', '-118.2903640') :  :  :  : 90029 : 
312 : Cardtronics ATM : 13333 Riverside Dr, Sherman Oaks, CA 91423, United States : ('34.1581050', '-118.4233680') :  : http://www.cardtronics.com/ :  : 91423 : 
313 : Cardtronics ATM : 2150 S Atlantic Blvd, Monterey Park, CA 91754, United States : ('34.0383370', '-118.1436480') : +1 800-786-9666 : http://www.cardtronics.com/ :  : 91754 : 6839
314 : Cardtronics ATM : 3105 Rancho Vista Blvd, Palmdale, CA 93551, United States : ('34.6034200', '-118.1857750') :  :  :  : 93551 : 4822
315 : Cardtronics ATM : 1421 E Washington Blvd, Pasadena, CA 91104, United States : ('34.1694180', '-118.1209190') :  :  :  : 91104 : 2650
316 : GNC : 3105 Rancho Vista Blvd, Palmdale, CA 93551, United States : ('34.6034360', '-118.1855210') : +1 661-538-1601 : http://www.gnc.com/storeLocator/index.jsp :  : 93551 : 4822
317 : Cardtronics ATM : 10465 Sunland Blvd, Sunland-Tujunga, CA 91040, United States : ('34.2603650', '-118.3262320') :  :  :  : 91040 : 1905
318 : Cardtronics ATM : 13236 Gladstone Ave, Sylmar, CA 91342, United States : ('34.3116050', '-118.4294210') :  :  :  : 91342 : 
319 : Cardtronics ATM : 334 S Vermont Ave, Los Angeles, CA 90020, United States : ('34.0679940', '-118.2907530') :  :  :  : 90020 : 1807
320 : Cardtronics ATM : 14121 Ramona Blvd, Baldwin Park, CA 91706, United States : ('34.0865270', '-117.9661200') :  :  :  : 91706 : 3146
321 : Cardtronics ATM : 1815 S Vermont Ave, Los Angeles, CA 90006, United States : ('34.0410380', '-118.2919200') :  :  :  : 90006 : 4525
322 : Rite Aid Pharmacy : 18444 Plummer St, Northridge, CA 91325, United States : ('34.2424160', '-118.5350800') : +1 818-349-6267 : https://www.riteaid.com/store-details?storeNumber=5548 :  : 91325 : 2112
323 : Rite Aid Pharmacy : 26825 Bouquet Canyon Rd, Santa Clarita, CA 91350, United States : ('34.4343620', '-118.5307650') : +1 661-296-8572 : https://www.riteaid.com/store-details?storeNumber=5555 :  : 91350 : 2372
324 : Rite Aid Customer Support : 2801 W Avenue H, Lancaster, CA 93536, United States : ('34.7218020', '-118.1814620') : +1 661-951-7500 :  :  : 93536 : 
325 : Rite Aid Pharmacy : 16120 Bear Valley Rd, Victorville, CA 92395, United States : ('34.4713600', '-117.3117690') : +1 760-951-0210 : https://www.riteaid.com/store-details?storeNumber=6514 :  : 92395 : 
326 : Rite Aid Pharmacy : 15510 Main St, Hesperia, CA 92345, United States : ('34.4254000', '-117.3250000') : +1 760-948-1472 : https://www.riteaid.com/store-details?storeNumber=5697 :  : 92345 : 3427
327 : Rite Aid Pharmacy : 14629 7th St, Victorville, CA 92395, United States : ('34.5163000', '-117.3130000') : +1 760-245-6600 : https://www.riteaid.com/store-details?storeNumber=5705 :  : 92395 : 4019
328 : Rite Aid Pharmacy : 17441 Main St, Hesperia, CA 92345, United States : ('34.4179230', '-117.2826370') : +1 760-948-4430 : https://www.riteaid.com/store-details?storeNumber=6276 :  : 92345 : 6268
329 : Rite Aid Pharmacy : 13720 Bear Valley Rd, Victorville, CA 92392, United States : ('34.4704000', '-117.3640000') : +1 760-955-2070 : https://www.riteaid.com/store-details?storeNumber=5706 :  : 92392 : 8713
330 : Rite Aid Pharmacy : 21738, Apple Valley, CA 92307, United States : ('34.5012380', '-117.1895880') : +1 760-247-1840 : https://www.riteaid.com/store-details?storeNumber=5687 :  : 92307 : 
331 : Rite Aid Pharmacy : 14515 Mojave Dr, Victorville, CA 92394, United States : ('34.5276300', '-117.3461350') : +1 760-955-7898 : https://www.riteaid.com/store-details?storeNumber=6473 :  : 92394 : 6720
332 : Rite Aid Pharmacy : 27177, Blue Jay, CA 92317, United States : ('34.2455520', '-117.2099210') : +1 909-336-1275 : https://www.riteaid.com/store-details?storeNumber=5692 :  : 92317 : 
333 : Rite Aid Pharmacy : 949 Kendall Dr, San Bernardino, CA 92407, United States : ('34.1626000', '-117.3050000') : +1 909-886-1461 : https://www.riteaid.com/store-details?storeNumber=5711 :  : 92407 : 
334 : Rite Aid Pharmacy : 4013 Phelan Rd, Phelan, CA 92371, United States : ('34.4248000', '-117.5750000') : +1 760-868-3413 : https://www.riteaid.com/store-details?storeNumber=5700 :  : 92371 : 8912
335 : Rite Aid Pharmacy : 2020 N Riverside Ave, Rialto, CA 92377, United States : ('34.1375000', '-117.3720000') : +1 909-873-2835 : https://www.riteaid.com/store-details?storeNumber=5703 :  : 92377 : 4600
336 : Rite Aid Pharmacy : 9940 Sierra Ave, Fontana, CA 92335, United States : ('34.0736000', '-117.4370000') : +1 909-822-8122 : https://www.riteaid.com/store-details?storeNumber=5708 :  : 92335 : 6721
337 : Rite Aid Pharmacy : 25710 Barton Rd, Loma Linda, CA 92354, United States : ('34.0489640', '-117.2429710') : +1 909-799-0591 : https://www.riteaid.com/store-details?storeNumber=6256 :  : 92354 : 3856
338 : Rite Aid Pharmacy : 7339 Milliken Ave #110, Rancho Cucamonga, CA 91730, United States : ('34.1203970', '-117.5561400') : +1 909-944-3543 : https://www.riteaid.com/store-details?storeNumber=6468 :  : 91730 : 7442
339 : Rite Aid Pharmacy : 9650 Baseline Rd, Rancho Cucamonga, CA 91701, United States : ('34.1223690', '-117.5944720') : +1 909-987-3518 : https://www.riteaid.com/store-details?storeNumber=5586 :  : 91701 : 
340 : Rite Aid Pharmacy : 700 E Redlands Blvd, Redlands, CA 92373, United States : ('34.0473560', '-117.1693880') : +1 909-793-3568 : https://www.riteaid.com/store-details?storeNumber=5701 :  : 92373 : 6168
341 : Rite Aid Pharmacy : 1133 N Mt Vernon Ave, Colton, CA 92324, United States : ('34.0763120', '-117.3156950') : +1 909-825-6731 : https://www.riteaid.com/store-details?storeNumber=5694 :  : 92324 : 2554
342 : Rite Aid Pharmacy : 2025 E Washington St, Colton, CA 92324, United States : ('34.0506000', '-117.2920000') : +1 909-824-8299 : https://www.riteaid.com/store-details?storeNumber=5693 :  : 92324 : 4704
343 : Rite Aid Pharmacy : 34420 Yucaipa Blvd, Yucaipa, CA 92399, United States : ('34.0339000', '-117.0540000') : +1 909-797-1312 : https://www.riteaid.com/store-details?storeNumber=5709 :  : 92399 : 2412
344 : Rite Aid Pharmacy : 1841 E 4th St, Ontario, CA 91764, United States : ('34.0776000', '-117.6130000') : +1 909-983-8202 : https://www.riteaid.com/store-details?storeNumber=5602 :  : 91764 : 2601
345 : Rite Aid Pharmacy : 585 S Riverside Ave, Rialto, CA 92376, United States : ('34.0916000', '-117.3700000') : +1 909-820-7474 : https://www.riteaid.com/store-details?storeNumber=5702 :  : 92376 : 7071
346 : Rite Aid Pharmacy : 8760 19Th Street, Rancho Cucamonga, CA 91701, United States : ('34.1333000', '-117.6150000') : +1 909-989-3235 : https://www.riteaid.com/store-details?storeNumber=5587 :  : 91701 : 
347 : Rite Aid Pharmacy : 11352 Bryant St, Yucaipa, CA 92399, United States : ('34.0477830', '-117.0350920') : +1 909-790-4232 : https://www.riteaid.com/store-details?storeNumber=6561 :  : 92399 : 3121
348 : Rite Aid Pharmacy : 15331 Baseline Ave, Fontana, CA 92336, United States : ('34.1208130', '-117.4703000') : +1 909-574-2831 : https://www.riteaid.com/store-details?storeNumber=6482 :  : 92336 : 5773
349 : Rite Aid Pharmacy : 11673 Cherry Ave, Fontana, CA 92337, United States : ('34.0419000', '-117.4840000') : +1 909-357-2031 : https://www.riteaid.com/store-details?storeNumber=5696 :  : 92337 : 0141
350 : Rite Aid Pharmacy : 16910 E Foothill Blvd, Fontana, CA 92335, United States : ('34.1082000', '-117.4350000') : +1 909-350-0493 : https://www.riteaid.com/store-details?storeNumber=5695 :  : 92335 : 3502
351 : Rite Aid Pharmacy : 12059 Central Ave, Chino, CA 91710, United States : ('34.0346000', '-117.6890000') : +1 909-627-4012 : https://www.riteaid.com/store-details?storeNumber=5579 :  : 91710 : 1908
352 : Rite Aid Pharmacy : 19035 Bear Valley Road, Apple Valley, CA 92308, United States : ('34.4703290', '-117.2484790') : +1 760-961-7325 : https://www.riteaid.com/store-details?storeNumber=6538 :  : 92308 : 
353 : Rite Aid Pharmacy : 1050 N Mountain Ave, Ontario, CA 91762, United States : ('34.0775000', '-117.6680000') : +1 909-986-1509 : https://www.riteaid.com/store-details?storeNumber=5600 :  : 91762 : 2114
354 : Rite Aid Pharmacy : 2130 E Highland Ave, San Bernardino, CA 92404, United States : ('34.1364130', '-117.2410600') : +1 909-862-4678 : https://www.riteaid.com/store-details?storeNumber=5710 :  : 92404 : 
355 : Rite Aid Pharmacy : 222 W G St, Ontario, CA 91762, United States : ('34.0707000', '-117.6530000') : +1 909-984-3913 : https://www.riteaid.com/store-details?storeNumber=5598 :  : 91762 : 3228
356 : Alan Q. Doan, PharmD : 2130 E Highland Ave, San Bernardino, CA 92404, United States : ('34.1364420', '-117.2410520') : +1 909-862-4678 : http://www.riteaid.com/ :  : 92404 : 
357 : Rite Aid Express 1 Hour Photo : 17441 Main St, Hesperia, CA 92345, United States : ('34.4180100', '-117.2826030') : +1 760-947-7269 :  :  : 92345 : 6268
358 : Hwy 189 and Blue Jay (Rite Aid) : United States : ('34.2463260', '-117.2102580') :  : http://www.mountaintransit.org/ :  :  : 
359 : Rite Aid Pharmacy : 72253 Twentynine Palms Hwy, Twentynine Palms, CA 92277, United States : ('34.1348110', '-116.0867840') : +1 760-367-3262 : https://www.riteaid.com/store-details?storeNumber=5685 :  : 92277 : 
360 : Rite Aid Pharmacy : 57701 Twentynine Palms Hwy, Yucca Valley, CA 92284, United States : ('34.1253840', '-116.4055370') : +1 760-365-2618 : https://www.riteaid.com/store-details?storeNumber=5686 :  : 92284 : 
361 : Hwy 62 & Estrella (Rite Aid) : United States : ('34.1352920', '-116.0868230') :  : http://www.mbtabus.com/ :  :  : 
362 : Estrella & Cactus (Rite-Aid) : United States : ('34.1343350', '-116.0869520') :  : http://www.mbtabus.com/ :  :  : 
363 : Rite Aid Pharmacy : 72253 Twentynine Palms Hwy, Twentynine Palms, CA 92277, United States : ('34.1348110', '-116.0867840') : +1 760-367-3262 : https://www.riteaid.com/store-details?storeNumber=5685 :  : 92277 : 
364 : Hwy 62 & Estrella (Rite Aid) : United States : ('34.1352920', '-116.0868230') :  : http://www.mbtabus.com/ :  :  : 
365 : Estrella & Cactus (Rite-Aid) : United States : ('34.1343350', '-116.0869520') :  : http://www.mbtabus.com/ :  :  : 
