2014-11-18 14:24:00 : (38, -123, 37.375, -122.0) : OK : 200 results
2014-11-18 14:24:00 : Response had max possible results. Autosplitting..
2014-11-18 14:24:02 : (38, -123, 37.6875, -122.5) : OK : 200 results
2014-11-18 14:24:02 : Response had max possible results. Autosplitting..
2014-11-18 14:24:03 : (38, -123, 37.84375, -122.75) : ZERO_RESULTS : 0 results
2014-11-18 14:24:05 : (38, -122.75, 37.84375, -122.5) : OK : 198 results
2014-11-18 14:24:05 : (37.84375, -123, 37.6875, -122.75) : ZERO_RESULTS : 0 results
2014-11-18 14:24:06 : (37.84375, -122.75, 37.6875, -122.5) : OK : 50 results
2014-11-18 14:24:08 : (38, -122.5, 37.6875, -122.0) : OK : 200 results
2014-11-18 14:24:08 : Response had max possible results. Autosplitting..
2014-11-18 14:24:10 : (38, -122.5, 37.84375, -122.25) : OK : 196 results
2014-11-18 14:24:12 : (38, -122.25, 37.84375, -122.0) : OK : 197 results
2014-11-18 14:24:14 : (37.84375, -122.5, 37.6875, -122.25) : OK : 200 results
2014-11-18 14:24:14 : Response had max possible results. Autosplitting..
2014-11-18 14:24:15 : (37.84375, -122.5, 37.76562, -122.375) : OK : 200 results
2014-11-18 14:24:15 : Response had max possible results. Autosplitting..
2014-11-18 14:24:17 : (37.84375, -122.5, 37.80468, -122.4375) : OK : 53 results
2014-11-18 14:24:19 : (37.84375, -122.4375, 37.80468, -122.375) : OK : 200 results
2014-11-18 14:24:19 : Response had max possible results. Autosplitting..
2014-11-18 14:24:21 : (37.84375, -122.4375, 37.82421, -122.40625) : ZERO_RESULTS : 0 results
2014-11-18 14:24:21 : (37.84375, -122.40625, 37.82421, -122.375) : ZERO_RESULTS : 0 results
2014-11-18 14:24:23 : (37.82421, -122.4375, 37.80468, -122.40625) : OK : 112 results
2014-11-18 14:24:23 : (37.82421, -122.40625, 37.80468, -122.375) : OK : 7 results
2014-11-18 14:24:26 : (37.80468, -122.5, 37.76562, -122.4375) : OK : 198 results
2014-11-18 14:24:28 : (37.80468, -122.4375, 37.76562, -122.375) : OK : 200 results
2014-11-18 14:24:28 : Response had max possible results. Autosplitting..
2014-11-18 14:24:30 : (37.80468, -122.4375, 37.78515, -122.40625) : OK : 200 results
2014-11-18 14:24:30 : Response had max possible results. Autosplitting..
2014-11-18 14:24:31 : (37.80468, -122.4375, 37.79492, -122.42188) : OK : 106 results
2014-11-18 14:24:33 : (37.80468, -122.42188, 37.79492, -122.40625) : OK : 195 results
2014-11-18 14:24:34 : (37.79492, -122.4375, 37.78515, -122.42188) : OK : 112 results
2014-11-18 14:24:36 : (37.79492, -122.42188, 37.78515, -122.40625) : OK : 200 results
2014-11-18 14:24:36 : Response had max possible results. Autosplitting..
2014-11-18 14:24:37 : (37.79492, -122.42188, 37.79004, -122.41406) : OK : 53 results
2014-11-18 14:24:39 : (37.79492, -122.41406, 37.79004, -122.40625) : OK : 66 results
2014-11-18 14:24:40 : (37.79004, -122.42188, 37.78515, -122.41406) : OK : 89 results
2014-11-18 14:24:41 : (37.79004, -122.41406, 37.78515, -122.40625) : OK : 159 results
2014-11-18 14:24:43 : (37.80468, -122.40625, 37.78515, -122.375) : OK : 200 results
2014-11-18 14:24:43 : Response had max possible results. Autosplitting..
2014-11-18 14:24:45 : (37.80468, -122.40625, 37.79492, -122.39062) : OK : 198 results
2014-11-18 14:24:46 : (37.80468, -122.39062, 37.79492, -122.375) : ZERO_RESULTS : 0 results
2014-11-18 14:24:48 : (37.79492, -122.40625, 37.78515, -122.39062) : OK : 199 results
2014-11-18 14:24:49 : (37.79492, -122.39062, 37.78515, -122.375) : OK : 10 results
2014-11-18 14:24:51 : (37.78515, -122.4375, 37.76562, -122.40625) : OK : 200 results
2014-11-18 14:24:51 : Response had max possible results. Autosplitting..
2014-11-18 14:24:52 : (37.78515, -122.4375, 37.77538, -122.42188) : OK : 121 results
2014-11-18 14:24:55 : (37.78515, -122.42188, 37.77538, -122.40625) : OK : 199 results
2014-11-18 14:24:56 : (37.77538, -122.4375, 37.76562, -122.42188) : OK : 134 results
2014-11-18 14:24:58 : (37.77538, -122.42188, 37.76562, -122.40625) : OK : 108 results
2014-11-18 14:25:00 : (37.78515, -122.40625, 37.76562, -122.375) : OK : 198 results
2014-11-18 14:25:02 : (37.84375, -122.375, 37.76562, -122.25) : OK : 197 results
2014-11-18 14:25:04 : (37.76562, -122.5, 37.6875, -122.375) : OK : 200 results
2014-11-18 14:25:04 : Response had max possible results. Autosplitting..
2014-11-18 14:25:05 : (37.76562, -122.5, 37.72656, -122.4375) : OK : 197 results
2014-11-18 14:25:07 : (37.76562, -122.4375, 37.72656, -122.375) : OK : 198 results
2014-11-18 14:25:09 : (37.72656, -122.5, 37.6875, -122.4375) : OK : 199 results
2014-11-18 14:25:10 : (37.72656, -122.4375, 37.6875, -122.375) : OK : 96 results
2014-11-18 14:25:11 : (37.76562, -122.375, 37.6875, -122.25) : OK : 52 results
2014-11-18 14:25:13 : (37.84375, -122.25, 37.6875, -122.0) : OK : 190 results
2014-11-18 14:25:14 : (37.6875, -123, 37.375, -122.5) : OK : 20 results
2014-11-18 14:25:16 : (37.6875, -122.5, 37.375, -122.0) : OK : 199 results
2014-11-18 14:25:18 : (38, -122.0, 37.375, -121.0) : OK : 199 results
2014-11-18 14:25:19 : (38, -121.0, 37.375, -120.0) : OK : 200 results
2014-11-18 14:25:19 : Response had max possible results. Autosplitting..
2014-11-18 14:25:21 : (38, -121.0, 37.6875, -120.5) : OK : 183 results
2014-11-18 14:25:23 : (38, -120.5, 37.6875, -120.0) : OK : 103 results
2014-11-18 14:25:24 : (37.6875, -121.0, 37.375, -120.5) : OK : 200 results
2014-11-18 14:25:24 : Response had max possible results. Autosplitting..
2014-11-18 14:25:26 : (37.6875, -121.0, 37.53125, -120.75) : OK : 200 results
2014-11-18 14:25:26 : Response had max possible results. Autosplitting..
2014-11-18 14:25:28 : (37.6875, -121.0, 37.60938, -120.875) : OK : 200 results
2014-11-18 14:25:28 : Response had max possible results. Autosplitting..
2014-11-18 14:25:29 : (37.6875, -121.0, 37.64844, -120.9375) : OK : 138 results
2014-11-18 14:25:30 : (37.6875, -120.9375, 37.64844, -120.875) : OK : 1 results
2014-11-18 14:25:32 : (37.64844, -121.0, 37.60938, -120.9375) : OK : 107 results
2014-11-18 14:25:32 : (37.64844, -120.9375, 37.60938, -120.875) : OK : 12 results
2014-11-18 14:25:33 : (37.6875, -120.875, 37.60938, -120.75) : OK : 10 results
2014-11-18 14:25:35 : (37.60938, -121.0, 37.53125, -120.875) : OK : 120 results
2014-11-18 14:25:35 : (37.60938, -120.875, 37.53125, -120.75) : OK : 25 results
2014-11-18 14:25:36 : (37.6875, -120.75, 37.53125, -120.5) : ZERO_RESULTS : 0 results
2014-11-18 14:25:38 : (37.53125, -121.0, 37.375, -120.75) : OK : 159 results
2014-11-18 14:25:39 : (37.53125, -120.75, 37.375, -120.5) : OK : 45 results
2014-11-18 14:25:40 : (37.6875, -120.5, 37.375, -120.0) : OK : 12 results
2014-11-18 14:25:41 : (38, -120.0, 37.375, -119.0) : OK : 95 results
2014-11-18 14:25:43 : (38, -119.0, 37.375, -118.0) : OK : 85 results
2014-11-18 14:25:44 : (38, -118.0, 37.375, -117.0) : OK : 9 results
2014-11-18 14:25:45 : (38, -117.0, 37.375, -116.0) : ZERO_RESULTS : 0 results
2014-11-18 14:25:45 : (38, -116.0, 37.375, -115) : OK : 3 results
2014-11-18 14:25:47 : (37.375, -123, 36.75, -122.0) : OK : 200 results
2014-11-18 14:25:47 : Response had max possible results. Autosplitting..
2014-11-18 14:25:48 : (37.375, -123, 37.0625, -122.5) : ZERO_RESULTS : 0 results
2014-11-18 14:25:51 : (37.375, -122.5, 37.0625, -122.0) : OK : 199 results
2014-11-18 14:25:52 : (37.0625, -123, 36.75, -122.5) : ZERO_RESULTS : 0 results
2014-11-18 14:25:53 : (37.0625, -122.5, 36.75, -122.0) : OK : 200 results
2014-11-18 14:25:53 : Response had max possible results. Autosplitting..
2014-11-18 14:25:54 : (37.0625, -122.5, 36.90625, -122.25) : ZERO_RESULTS : 0 results
2014-11-18 14:25:56 : (37.0625, -122.25, 36.90625, -122.0) : OK : 194 results
2014-11-18 14:25:57 : (36.90625, -122.5, 36.75, -122.25) : ZERO_RESULTS : 0 results
2014-11-18 14:25:58 : (36.90625, -122.25, 36.75, -122.0) : ZERO_RESULTS : 0 results
2014-11-18 14:26:00 : (37.375, -122.0, 36.75, -121.0) : OK : 200 results
2014-11-18 14:26:00 : Response had max possible results. Autosplitting..
2014-11-18 14:26:02 : (37.375, -122.0, 37.0625, -121.5) : OK : 200 results
2014-11-18 14:26:02 : Response had max possible results. Autosplitting..
2014-11-18 14:26:04 : (37.375, -122.0, 37.21875, -121.75) : OK : 200 results
2014-11-18 14:26:04 : Response had max possible results. Autosplitting..
2014-11-18 14:26:06 : (37.375, -122.0, 37.29688, -121.875) : OK : 200 results
2014-11-18 14:26:06 : Response had max possible results. Autosplitting..
2014-11-18 14:26:08 : (37.375, -122.0, 37.33594, -121.9375) : OK : 200 results
2014-11-18 14:26:08 : Response had max possible results. Autosplitting..
2014-11-18 14:26:09 : (37.375, -122.0, 37.35547, -121.96875) : OK : 66 results
2014-11-18 14:26:10 : (37.375, -121.96875, 37.35547, -121.9375) : OK : 43 results
2014-11-18 14:26:12 : (37.35547, -122.0, 37.33594, -121.96875) : OK : 112 results
2014-11-18 14:26:13 : (37.35547, -121.96875, 37.33594, -121.9375) : OK : 69 results
2014-11-18 14:26:15 : (37.375, -121.9375, 37.33594, -121.875) : OK : 200 results
2014-11-18 14:26:15 : Response had max possible results. Autosplitting..
2014-11-18 14:26:16 : (37.375, -121.9375, 37.35547, -121.90625) : OK : 59 results
2014-11-18 14:26:17 : (37.375, -121.90625, 37.35547, -121.875) : OK : 34 results
2014-11-18 14:26:18 : (37.35547, -121.9375, 37.33594, -121.90625) : OK : 36 results
2014-11-18 14:26:20 : (37.35547, -121.90625, 37.33594, -121.875) : OK : 191 results
2014-11-18 14:26:22 : (37.33594, -122.0, 37.29688, -121.9375) : OK : 200 results
2014-11-18 14:26:22 : Response had max possible results. Autosplitting..
2014-11-18 14:26:23 : (37.33594, -122.0, 37.31641, -121.96875) : OK : 54 results
2014-11-18 14:26:24 : (37.33594, -121.96875, 37.31641, -121.9375) : OK : 76 results
2014-11-18 14:26:25 : (37.31641, -122.0, 37.29688, -121.96875) : OK : 40 results
2014-11-18 14:26:26 : (37.31641, -121.96875, 37.29688, -121.9375) : OK : 37 results
2014-11-18 14:26:28 : (37.33594, -121.9375, 37.29688, -121.875) : OK : 200 results
2014-11-18 14:26:28 : Response had max possible results. Autosplitting..
2014-11-18 14:26:29 : (37.33594, -121.9375, 37.31641, -121.90625) : OK : 50 results
2014-11-18 14:26:31 : (37.33594, -121.90625, 37.31641, -121.875) : OK : 199 results
2014-11-18 14:26:32 : (37.31641, -121.9375, 37.29688, -121.90625) : OK : 37 results
2014-11-18 14:26:33 : (37.31641, -121.90625, 37.29688, -121.875) : OK : 58 results
2014-11-18 14:26:35 : (37.375, -121.875, 37.29688, -121.75) : OK : 200 results
2014-11-18 14:26:35 : Response had max possible results. Autosplitting..
2014-11-18 14:26:37 : (37.375, -121.875, 37.33594, -121.8125) : OK : 186 results
2014-11-18 14:26:38 : (37.375, -121.8125, 37.33594, -121.75) : OK : 5 results
2014-11-18 14:26:40 : (37.33594, -121.875, 37.29688, -121.8125) : OK : 200 results
2014-11-18 14:26:40 : Response had max possible results. Autosplitting..
2014-11-18 14:26:41 : (37.33594, -121.875, 37.31641, -121.84375) : OK : 51 results
2014-11-18 14:26:43 : (37.33594, -121.84375, 37.31641, -121.8125) : OK : 80 results
2014-11-18 14:26:44 : (37.31641, -121.875, 37.29688, -121.84375) : OK : 42 results
2014-11-18 14:26:45 : (37.31641, -121.84375, 37.29688, -121.8125) : OK : 46 results
2014-11-18 14:26:46 : (37.33594, -121.8125, 37.29688, -121.75) : OK : 61 results
2014-11-18 14:26:48 : (37.29688, -122.0, 37.21875, -121.875) : OK : 200 results
2014-11-18 14:26:48 : Response had max possible results. Autosplitting..
2014-11-18 14:26:50 : (37.29688, -122.0, 37.25782, -121.9375) : OK : 172 results
2014-11-18 14:26:52 : (37.29688, -121.9375, 37.25782, -121.875) : OK : 163 results
2014-11-18 14:26:54 : (37.25782, -122.0, 37.21875, -121.9375) : OK : 90 results
2014-11-18 14:26:55 : (37.25782, -121.9375, 37.21875, -121.875) : OK : 98 results
2014-11-18 14:26:57 : (37.29688, -121.875, 37.21875, -121.75) : OK : 200 results
2014-11-18 14:26:57 : Response had max possible results. Autosplitting..
2014-11-18 14:26:59 : (37.29688, -121.875, 37.25782, -121.8125) : OK : 115 results
2014-11-18 14:27:00 : (37.29688, -121.8125, 37.25782, -121.75) : OK : 35 results
